  Cmd5Info.cpp
  ACVerifiedPacket.cpp
  BitStream.cpp
  CRPC.cpp
  Callback.cpp
  CAntiCheat.cpp
  CAntiCheatHandler.cpp
  CServerUpdater.cpp
  CRPCCallback.cpp
  Network.cpp
  plugin.cpp
  amxplugin.cpp
  Hooks.cpp
  BanHandler.cpp
  Utility.cpp
  sampgdk.c
  subhook.c
     Creating library C:\Users\white\GitHub\SAMP_AC_v2\Release\sampac.lib and object C:\Users\white\GitHub\SAMP_AC_v2\Release\sampac.exp
  Generating code
  Finished generating code
  ACv2_Server.vcxproj -> C:\Users\white\GitHub\SAMP_AC_v2\Release\sampac.dll
