c:\users\seaver\documents\github\samp_ac_v2\release\sampac.lib
c:\users\seaver\documents\github\samp_ac_v2\release\sampac.exp
c:\users\seaver\documents\github\samp_ac_v2\acv2_server\release\vc120.pdb
c:\users\seaver\documents\github\samp_ac_v2\acv2_server\release\sampgdk.obj
c:\users\seaver\documents\github\samp_ac_v2\acv2_server\release\subhook.obj
c:\users\seaver\documents\github\samp_ac_v2\acv2_server\release\utility.obj
c:\users\seaver\documents\github\samp_ac_v2\release\sampac.dll
c:\users\seaver\documents\github\samp_ac_v2\acv2_server\release\amxplugin.obj
c:\users\seaver\documents\github\samp_ac_v2\acv2_server\release\banhandler.obj
c:\users\seaver\documents\github\samp_ac_v2\acv2_server\release\bitstream.obj
c:\users\seaver\documents\github\samp_ac_v2\acv2_server\release\callback.obj
c:\users\seaver\documents\github\samp_ac_v2\acv2_server\release\canticheathandler.obj
c:\users\seaver\documents\github\samp_ac_v2\acv2_server\release\crpc.obj
c:\users\seaver\documents\github\samp_ac_v2\acv2_server\release\crpccallback.obj
c:\users\seaver\documents\github\samp_ac_v2\acv2_server\release\hooks.obj
c:\users\seaver\documents\github\samp_ac_v2\acv2_server\release\network.obj
c:\users\seaver\documents\github\samp_ac_v2\acv2_server\release\plugin.obj
c:\users\seaver\documents\github\samp_ac_v2\acv2_server\release\acv2_server.tlog\acv2_server.write.1u.tlog
c:\users\seaver\documents\github\samp_ac_v2\acv2_server\release\acv2_server.tlog\cl.command.1.tlog
c:\users\seaver\documents\github\samp_ac_v2\acv2_server\release\acv2_server.tlog\cl.read.1.tlog
c:\users\seaver\documents\github\samp_ac_v2\acv2_server\release\acv2_server.tlog\cl.write.1.tlog
c:\users\seaver\documents\github\samp_ac_v2\acv2_server\release\acv2_server.tlog\link.command.1.tlog
c:\users\seaver\documents\github\samp_ac_v2\acv2_server\release\acv2_server.tlog\link.read.1.tlog
c:\users\seaver\documents\github\samp_ac_v2\acv2_server\release\acv2_server.tlog\link.write.1.tlog
