  Utility.cpp
c:\users\white\github\samp_ac_v2\acv2_server\utility.cpp(63): error C4996: 'strncpy': This function or variable may be unsafe. Consider using strncpy_s instead. To disable deprecation, use _CRT_SECURE_NO_WARNINGS. See online help for details.
  c:\program files (x86)\windows kits\10\include\10.0.10240.0\ucrt\string.h(346): note: see declaration of 'strncpy'
  BanHandler.cpp
c:\users\white\github\samp_ac_v2\acv2_server\banhandler.cpp(5): fatal error C1083: Cannot open include file: 'curl/curl.h': No such file or directory
  Hooks.cpp
c:\users\white\github\samp_ac_v2\acv2_server\structs.h(35): fatal error C1083: Cannot open include file: 'Network/BitStream.h': No such file or directory
  amxplugin.cpp
  plugin.cpp
c:\users\white\github\samp_ac_v2\acv2_server\plugin.cpp(3): fatal error C1083: Cannot open include file: 'Network/BitStream.h': No such file or directory
  Network.cpp
c:\users\white\github\samp_ac_v2\acv2_server\structs.h(35): fatal error C1083: Cannot open include file: 'Network/BitStream.h': No such file or directory
  CRPCCallback.cpp
c:\users\white\github\samp_ac_v2\acv2_server\network\crpccallback.cpp(13): fatal error C1083: Cannot open include file: 'boost/algorithm/string.hpp': No such file or directory
  CServerUpdater.cpp
c:\users\white\github\samp_ac_v2\acv2_server\cserverupdater.h(14): fatal error C1083: Cannot open include file: 'boost/network/protocol/http/client.hpp': No such file or directory
  CAntiCheatHandler.cpp
  CAntiCheat.cpp
c:\users\white\github\samp_ac_v2\acv2_server\cserverupdater.h(14): fatal error C1083: Cannot open include file: 'boost/network/protocol/http/client.hpp': No such file or directory
  Callback.cpp
c:\users\white\github\samp_ac_v2\acv2_server\cserverupdater.h(14): fatal error C1083: Cannot open include file: 'boost/network/protocol/http/client.hpp': No such file or directory
  CRPC.cpp
  BitStream.cpp
  ACVerifiedPacket.cpp
c:\users\white\github\samp_ac_v2\acv2_server\md5.h(326): error C4996: 'sprintf': This function or variable may be unsafe. Consider using sprintf_s instead. To disable deprecation, use _CRT_SECURE_NO_WARNINGS. See online help for details.
  c:\program files (x86)\windows kits\10\include\10.0.10240.0\ucrt\stdio.h(1769): note: see declaration of 'sprintf'
c:\users\white\github\samp_ac_v2\acv2_server\md5.h(349): error C4996: 'fopen': This function or variable may be unsafe. Consider using fopen_s instead. To disable deprecation, use _CRT_SECURE_NO_WARNINGS. See online help for details.
  c:\program files (x86)\windows kits\10\include\10.0.10240.0\ucrt\stdio.h(205): note: see declaration of 'fopen'
  Cmd5Info.cpp
c:\users\white\github\samp_ac_v2\shared\md5_info\cmd5info.cpp(2): fatal error C1083: Cannot open include file: 'boost/network/protocol/http/client.hpp': No such file or directory
  Generating Code...
