c:\users\white\github\samp_ac_v2\acv2\release\crpc.obj
c:\users\white\github\samp_ac_v2\acv2\release\cinjectedlibraries.obj
c:\users\white\github\samp_ac_v2\acv2\release\clog.obj
c:\users\white\github\samp_ac_v2\acv2\release\cd3d9proxy.obj
c:\users\white\github\samp_ac_v2\acv2\release\gtasa_crc32.obj
c:\users\white\github\samp_ac_v2\acv2\release\img.obj
c:\users\white\github\samp_ac_v2\acv2\release\hookedrakclient.obj
c:\users\white\github\samp_ac_v2\acv2\release\cclientupdater.obj
c:\users\white\github\samp_ac_v2\acv2\release\cmodulesecurity.obj
c:\users\white\github\samp_ac_v2\acv2\release\cd3d9deviceproxy.obj
c:\users\white\github\samp_ac_v2\acv2\release\crakclienthandler.obj
c:\users\white\github\samp_ac_v2\acv2\release\cmd5info.obj
c:\users\white\github\samp_ac_v2\acv2\release\bitstream.obj
c:\users\white\github\samp_ac_v2\acv2\release\cdirectx.obj
c:\users\white\github\samp_ac_v2\acv2\release\cprocesslist.obj
c:\users\white\github\samp_ac_v2\acv2\release\manualinjection.obj
c:\users\white\github\samp_ac_v2\acv2\release\misc.obj
c:\users\white\github\samp_ac_v2\acv2\release\crpccallback.obj
c:\users\white\github\samp_ac_v2\acv2\release\acverifiedpacket.obj
c:\users\white\github\samp_ac_v2\acv2\release\cloader.obj
c:\users\white\github\samp_ac_v2\acv2\release\cfilecheck.obj
c:\users\white\github\samp_ac_v2\acv2\release\cmem.obj
c:\users\white\github\samp_ac_v2\acv2\release\cparsecommandline.obj
c:\users\white\github\samp_ac_v2\acv2\release\cmessageproxy.obj
c:\users\white\github\samp_ac_v2\acv2\release\chookmanager.obj
c:\users\white\github\samp_ac_v2\acv2\release\rakclient.obj
c:\users\white\github\samp_ac_v2\acv2\release\patternscan.obj
c:\users\white\github\samp_ac_v2\acv2\release\samp.obj
c:\users\white\github\samp_ac_v2\acv2\release\cdirectoryscanner.obj
c:\users\white\github\samp_ac_v2\acv2\release\vc120.pdb
c:\users\white\github\samp_ac_v2\acv2\release\dllmain.obj
c:\users\white\github\samp_ac_v2\release\acv2_client.asi
c:\users\white\github\samp_ac_v2\acv2\acv2_client.map
c:\users\white\github\samp_ac_v2\release\acv2_client.pdb
c:\users\white\github\samp_ac_v2\acv2\release\acv2_client.tlog\cl.command.1.tlog
c:\users\white\github\samp_ac_v2\acv2\release\acv2_client.tlog\cl.read.1.tlog
c:\users\white\github\samp_ac_v2\acv2\release\acv2_client.tlog\cl.write.1.tlog
c:\users\white\github\samp_ac_v2\acv2\release\acv2_client.tlog\link.command.1.tlog
c:\users\white\github\samp_ac_v2\acv2\release\acv2_client.tlog\link.read.1.tlog
c:\users\white\github\samp_ac_v2\acv2\release\acv2_client.tlog\link.write.1.tlog
