  CFileCheck.cpp
  Generating code
  Finished generating code
libcurl.lib(t1_reneg.obj) : warning LNK4099: PDB 'libmt.pdb' was not found with 'libcurl.lib(t1_reneg.obj)' or at 'C:\Users\white\GitHub\SAMP_AC_v2\Release\libmt.pdb'; linking object as if no debug info
libcurl.lib(tls_srp.obj) : warning LNK4099: PDB 'libmt.pdb' was not found with 'libcurl.lib(tls_srp.obj)' or at 'C:\Users\white\GitHub\SAMP_AC_v2\Release\libmt.pdb'; linking object as if no debug info
libcurl.lib(ssl_err.obj) : warning LNK4099: PDB 'libmt.pdb' was not found with 'libcurl.lib(ssl_err.obj)' or at 'C:\Users\white\GitHub\SAMP_AC_v2\Release\libmt.pdb'; linking object as if no debug info
libcurl.lib(ssl_algs.obj) : warning LNK4099: PDB 'libmt.pdb' was not found with 'libcurl.lib(ssl_algs.obj)' or at 'C:\Users\white\GitHub\SAMP_AC_v2\Release\libmt.pdb'; linking object as if no debug info
libcurl.lib(ssl_asn1.obj) : warning LNK4099: PDB 'libmt.pdb' was not found with 'libcurl.lib(ssl_asn1.obj)' or at 'C:\Users\white\GitHub\SAMP_AC_v2\Release\libmt.pdb'; linking object as if no debug info
libcurl.lib(ssl_rsa.obj) : warning LNK4099: PDB 'libmt.pdb' was not found with 'libcurl.lib(ssl_rsa.obj)' or at 'C:\Users\white\GitHub\SAMP_AC_v2\Release\libmt.pdb'; linking object as if no debug info
libcurl.lib(ssl_ciph.obj) : warning LNK4099: PDB 'libmt.pdb' was not found with 'libcurl.lib(ssl_ciph.obj)' or at 'C:\Users\white\GitHub\SAMP_AC_v2\Release\libmt.pdb'; linking object as if no debug info
libcurl.lib(ssl_sess.obj) : warning LNK4099: PDB 'libmt.pdb' was not found with 'libcurl.lib(ssl_sess.obj)' or at 'C:\Users\white\GitHub\SAMP_AC_v2\Release\libmt.pdb'; linking object as if no debug info
libcurl.lib(ssl_cert.obj) : warning LNK4099: PDB 'libmt.pdb' was not found with 'libcurl.lib(ssl_cert.obj)' or at 'C:\Users\white\GitHub\SAMP_AC_v2\Release\libmt.pdb'; linking object as if no debug info
libcurl.lib(ssl_err2.obj) : warning LNK4099: PDB 'libmt.pdb' was not found with 'libcurl.lib(ssl_err2.obj)' or at 'C:\Users\white\GitHub\SAMP_AC_v2\Release\libmt.pdb'; linking object as if no debug info
libcurl.lib(ssl_lib.obj) : warning LNK4099: PDB 'libmt.pdb' was not found with 'libcurl.lib(ssl_lib.obj)' or at 'C:\Users\white\GitHub\SAMP_AC_v2\Release\libmt.pdb'; linking object as if no debug info
libcurl.lib(d1_srtp.obj) : warning LNK4099: PDB 'libmt.pdb' was not found with 'libcurl.lib(d1_srtp.obj)' or at 'C:\Users\white\GitHub\SAMP_AC_v2\Release\libmt.pdb'; linking object as if no debug info
libcurl.lib(d1_enc.obj) : warning LNK4099: PDB 'libmt.pdb' was not found with 'libcurl.lib(d1_enc.obj)' or at 'C:\Users\white\GitHub\SAMP_AC_v2\Release\libmt.pdb'; linking object as if no debug info
libcurl.lib(d1_both.obj) : warning LNK4099: PDB 'libmt.pdb' was not found with 'libcurl.lib(d1_both.obj)' or at 'C:\Users\white\GitHub\SAMP_AC_v2\Release\libmt.pdb'; linking object as if no debug info
libcurl.lib(d1_pkt.obj) : warning LNK4099: PDB 'libmt.pdb' was not found with 'libcurl.lib(d1_pkt.obj)' or at 'C:\Users\white\GitHub\SAMP_AC_v2\Release\libmt.pdb'; linking object as if no debug info
libcurl.lib(d1_lib.obj) : warning LNK4099: PDB 'libmt.pdb' was not found with 'libcurl.lib(d1_lib.obj)' or at 'C:\Users\white\GitHub\SAMP_AC_v2\Release\libmt.pdb'; linking object as if no debug info
libcurl.lib(t1_enc.obj) : warning LNK4099: PDB 'libmt.pdb' was not found with 'libcurl.lib(t1_enc.obj)' or at 'C:\Users\white\GitHub\SAMP_AC_v2\Release\libmt.pdb'; linking object as if no debug info
libcurl.lib(t1_lib.obj) : warning LNK4099: PDB 'libmt.pdb' was not found with 'libcurl.lib(t1_lib.obj)' or at 'C:\Users\white\GitHub\SAMP_AC_v2\Release\libmt.pdb'; linking object as if no debug info
libcurl.lib(t1_clnt.obj) : warning LNK4099: PDB 'libmt.pdb' was not found with 'libcurl.lib(t1_clnt.obj)' or at 'C:\Users\white\GitHub\SAMP_AC_v2\Release\libmt.pdb'; linking object as if no debug info
libcurl.lib(t1_srvr.obj) : warning LNK4099: PDB 'libmt.pdb' was not found with 'libcurl.lib(t1_srvr.obj)' or at 'C:\Users\white\GitHub\SAMP_AC_v2\Release\libmt.pdb'; linking object as if no debug info
libcurl.lib(t1_meth.obj) : warning LNK4099: PDB 'libmt.pdb' was not found with 'libcurl.lib(t1_meth.obj)' or at 'C:\Users\white\GitHub\SAMP_AC_v2\Release\libmt.pdb'; linking object as if no debug info
libcurl.lib(s23_pkt.obj) : warning LNK4099: PDB 'libmt.pdb' was not found with 'libcurl.lib(s23_pkt.obj)' or at 'C:\Users\white\GitHub\SAMP_AC_v2\Release\libmt.pdb'; linking object as if no debug info
libcurl.lib(s23_lib.obj) : warning LNK4099: PDB 'libmt.pdb' was not found with 'libcurl.lib(s23_lib.obj)' or at 'C:\Users\white\GitHub\SAMP_AC_v2\Release\libmt.pdb'; linking object as if no debug info
libcurl.lib(s23_clnt.obj) : warning LNK4099: PDB 'libmt.pdb' was not found with 'libcurl.lib(s23_clnt.obj)' or at 'C:\Users\white\GitHub\SAMP_AC_v2\Release\libmt.pdb'; linking object as if no debug info
libcurl.lib(s23_srvr.obj) : warning LNK4099: PDB 'libmt.pdb' was not found with 'libcurl.lib(s23_srvr.obj)' or at 'C:\Users\white\GitHub\SAMP_AC_v2\Release\libmt.pdb'; linking object as if no debug info
libcurl.lib(s23_meth.obj) : warning LNK4099: PDB 'libmt.pdb' was not found with 'libcurl.lib(s23_meth.obj)' or at 'C:\Users\white\GitHub\SAMP_AC_v2\Release\libmt.pdb'; linking object as if no debug info
libcurl.lib(s3_cbc.obj) : warning LNK4099: PDB 'libmt.pdb' was not found with 'libcurl.lib(s3_cbc.obj)' or at 'C:\Users\white\GitHub\SAMP_AC_v2\Release\libmt.pdb'; linking object as if no debug info
libcurl.lib(s3_both.obj) : warning LNK4099: PDB 'libmt.pdb' was not found with 'libcurl.lib(s3_both.obj)' or at 'C:\Users\white\GitHub\SAMP_AC_v2\Release\libmt.pdb'; linking object as if no debug info
libcurl.lib(s3_pkt.obj) : warning LNK4099: PDB 'libmt.pdb' was not found with 'libcurl.lib(s3_pkt.obj)' or at 'C:\Users\white\GitHub\SAMP_AC_v2\Release\libmt.pdb'; linking object as if no debug info
libcurl.lib(s3_enc.obj) : warning LNK4099: PDB 'libmt.pdb' was not found with 'libcurl.lib(s3_enc.obj)' or at 'C:\Users\white\GitHub\SAMP_AC_v2\Release\libmt.pdb'; linking object as if no debug info
libcurl.lib(s3_lib.obj) : warning LNK4099: PDB 'libmt.pdb' was not found with 'libcurl.lib(s3_lib.obj)' or at 'C:\Users\white\GitHub\SAMP_AC_v2\Release\libmt.pdb'; linking object as if no debug info
libcurl.lib(s3_clnt.obj) : warning LNK4099: PDB 'libmt.pdb' was not found with 'libcurl.lib(s3_clnt.obj)' or at 'C:\Users\white\GitHub\SAMP_AC_v2\Release\libmt.pdb'; linking object as if no debug info
libcurl.lib(s3_srvr.obj) : warning LNK4099: PDB 'libmt.pdb' was not found with 'libcurl.lib(s3_srvr.obj)' or at 'C:\Users\white\GitHub\SAMP_AC_v2\Release\libmt.pdb'; linking object as if no debug info
libcurl.lib(s3_meth.obj) : warning LNK4099: PDB 'libmt.pdb' was not found with 'libcurl.lib(s3_meth.obj)' or at 'C:\Users\white\GitHub\SAMP_AC_v2\Release\libmt.pdb'; linking object as if no debug info
libcurl.lib(srp_vfy.obj) : warning LNK4099: PDB 'libmt.pdb' was not found with 'libcurl.lib(srp_vfy.obj)' or at 'C:\Users\white\GitHub\SAMP_AC_v2\Release\libmt.pdb'; linking object as if no debug info
libcurl.lib(srp_lib.obj) : warning LNK4099: PDB 'libmt.pdb' was not found with 'libcurl.lib(srp_lib.obj)' or at 'C:\Users\white\GitHub\SAMP_AC_v2\Release\libmt.pdb'; linking object as if no debug info
libcurl.lib(ts_err.obj) : warning LNK4099: PDB 'libmt.pdb' was not found with 'libcurl.lib(ts_err.obj)' or at 'C:\Users\white\GitHub\SAMP_AC_v2\Release\libmt.pdb'; linking object as if no debug info
libcurl.lib(wp_block.obj) : warning LNK4099: PDB 'libmt.pdb' was not found with 'libcurl.lib(wp_block.obj)' or at 'C:\Users\white\GitHub\SAMP_AC_v2\Release\libmt.pdb'; linking object as if no debug info
libcurl.lib(wp_dgst.obj) : warning LNK4099: PDB 'libmt.pdb' was not found with 'libcurl.lib(wp_dgst.obj)' or at 'C:\Users\white\GitHub\SAMP_AC_v2\Release\libmt.pdb'; linking object as if no debug info
libcurl.lib(pqueue.obj) : warning LNK4099: PDB 'libmt.pdb' was not found with 'libcurl.lib(pqueue.obj)' or at 'C:\Users\white\GitHub\SAMP_AC_v2\Release\libmt.pdb'; linking object as if no debug info
libcurl.lib(ui_openssl.obj) : warning LNK4099: PDB 'libmt.pdb' was not found with 'libcurl.lib(ui_openssl.obj)' or at 'C:\Users\white\GitHub\SAMP_AC_v2\Release\libmt.pdb'; linking object as if no debug info
libcurl.lib(ui_lib.obj) : warning LNK4099: PDB 'libmt.pdb' was not found with 'libcurl.lib(ui_lib.obj)' or at 'C:\Users\white\GitHub\SAMP_AC_v2\Release\libmt.pdb'; linking object as if no debug info
libcurl.lib(ui_err.obj) : warning LNK4099: PDB 'libmt.pdb' was not found with 'libcurl.lib(ui_err.obj)' or at 'C:\Users\white\GitHub\SAMP_AC_v2\Release\libmt.pdb'; linking object as if no debug info
libcurl.lib(ocsp_err.obj) : warning LNK4099: PDB 'libmt.pdb' was not found with 'libcurl.lib(ocsp_err.obj)' or at 'C:\Users\white\GitHub\SAMP_AC_v2\Release\libmt.pdb'; linking object as if no debug info
libcurl.lib(ocsp_vfy.obj) : warning LNK4099: PDB 'libmt.pdb' was not found with 'libcurl.lib(ocsp_vfy.obj)' or at 'C:\Users\white\GitHub\SAMP_AC_v2\Release\libmt.pdb'; linking object as if no debug info
libcurl.lib(ocsp_prn.obj) : warning LNK4099: PDB 'libmt.pdb' was not found with 'libcurl.lib(ocsp_prn.obj)' or at 'C:\Users\white\GitHub\SAMP_AC_v2\Release\libmt.pdb'; linking object as if no debug info
libcurl.lib(ocsp_srv.obj) : warning LNK4099: PDB 'libmt.pdb' was not found with 'libcurl.lib(ocsp_srv.obj)' or at 'C:\Users\white\GitHub\SAMP_AC_v2\Release\libmt.pdb'; linking object as if no debug info
libcurl.lib(ocsp_cl.obj) : warning LNK4099: PDB 'libmt.pdb' was not found with 'libcurl.lib(ocsp_cl.obj)' or at 'C:\Users\white\GitHub\SAMP_AC_v2\Release\libmt.pdb'; linking object as if no debug info
libcurl.lib(ocsp_lib.obj) : warning LNK4099: PDB 'libmt.pdb' was not found with 'libcurl.lib(ocsp_lib.obj)' or at 'C:\Users\white\GitHub\SAMP_AC_v2\Release\libmt.pdb'; linking object as if no debug info
libcurl.lib(ocsp_asn.obj) : warning LNK4099: PDB 'libmt.pdb' was not found with 'libcurl.lib(ocsp_asn.obj)' or at 'C:\Users\white\GitHub\SAMP_AC_v2\Release\libmt.pdb'; linking object as if no debug info
libcurl.lib(eng_cnf.obj) : warning LNK4099: PDB 'libmt.pdb' was not found with 'libcurl.lib(eng_cnf.obj)' or at 'C:\Users\white\GitHub\SAMP_AC_v2\Release\libmt.pdb'; linking object as if no debug info
libcurl.lib(tb_asnmth.obj) : warning LNK4099: PDB 'libmt.pdb' was not found with 'libcurl.lib(tb_asnmth.obj)' or at 'C:\Users\white\GitHub\SAMP_AC_v2\Release\libmt.pdb'; linking object as if no debug info
libcurl.lib(tb_pkmeth.obj) : warning LNK4099: PDB 'libmt.pdb' was not found with 'libcurl.lib(tb_pkmeth.obj)' or at 'C:\Users\white\GitHub\SAMP_AC_v2\Release\libmt.pdb'; linking object as if no debug info
libcurl.lib(tb_digest.obj) : warning LNK4099: PDB 'libmt.pdb' was not found with 'libcurl.lib(tb_digest.obj)' or at 'C:\Users\white\GitHub\SAMP_AC_v2\Release\libmt.pdb'; linking object as if no debug info
libcurl.lib(tb_cipher.obj) : warning LNK4099: PDB 'libmt.pdb' was not found with 'libcurl.lib(tb_cipher.obj)' or at 'C:\Users\white\GitHub\SAMP_AC_v2\Release\libmt.pdb'; linking object as if no debug info
libcurl.lib(tb_rand.obj) : warning LNK4099: PDB 'libmt.pdb' was not found with 'libcurl.lib(tb_rand.obj)' or at 'C:\Users\white\GitHub\SAMP_AC_v2\Release\libmt.pdb'; linking object as if no debug info
libcurl.lib(tb_ecdh.obj) : warning LNK4099: PDB 'libmt.pdb' was not found with 'libcurl.lib(tb_ecdh.obj)' or at 'C:\Users\white\GitHub\SAMP_AC_v2\Release\libmt.pdb'; linking object as if no debug info
libcurl.lib(tb_dh.obj) : warning LNK4099: PDB 'libmt.pdb' was not found with 'libcurl.lib(tb_dh.obj)' or at 'C:\Users\white\GitHub\SAMP_AC_v2\Release\libmt.pdb'; linking object as if no debug info
libcurl.lib(tb_ecdsa.obj) : warning LNK4099: PDB 'libmt.pdb' was not found with 'libcurl.lib(tb_ecdsa.obj)' or at 'C:\Users\white\GitHub\SAMP_AC_v2\Release\libmt.pdb'; linking object as if no debug info
libcurl.lib(tb_dsa.obj) : warning LNK4099: PDB 'libmt.pdb' was not found with 'libcurl.lib(tb_dsa.obj)' or at 'C:\Users\white\GitHub\SAMP_AC_v2\Release\libmt.pdb'; linking object as if no debug info
libcurl.lib(tb_rsa.obj) : warning LNK4099: PDB 'libmt.pdb' was not found with 'libcurl.lib(tb_rsa.obj)' or at 'C:\Users\white\GitHub\SAMP_AC_v2\Release\libmt.pdb'; linking object as if no debug info
libcurl.lib(eng_fat.obj) : warning LNK4099: PDB 'libmt.pdb' was not found with 'libcurl.lib(eng_fat.obj)' or at 'C:\Users\white\GitHub\SAMP_AC_v2\Release\libmt.pdb'; linking object as if no debug info
libcurl.lib(eng_pkey.obj) : warning LNK4099: PDB 'libmt.pdb' was not found with 'libcurl.lib(eng_pkey.obj)' or at 'C:\Users\white\GitHub\SAMP_AC_v2\Release\libmt.pdb'; linking object as if no debug info
libcurl.lib(eng_table.obj) : warning LNK4099: PDB 'libmt.pdb' was not found with 'libcurl.lib(eng_table.obj)' or at 'C:\Users\white\GitHub\SAMP_AC_v2\Release\libmt.pdb'; linking object as if no debug info
libcurl.lib(eng_ctrl.obj) : warning LNK4099: PDB 'libmt.pdb' was not found with 'libcurl.lib(eng_ctrl.obj)' or at 'C:\Users\white\GitHub\SAMP_AC_v2\Release\libmt.pdb'; linking object as if no debug info
libcurl.lib(eng_init.obj) : warning LNK4099: PDB 'libmt.pdb' was not found with 'libcurl.lib(eng_init.obj)' or at 'C:\Users\white\GitHub\SAMP_AC_v2\Release\libmt.pdb'; linking object as if no debug info
libcurl.lib(eng_list.obj) : warning LNK4099: PDB 'libmt.pdb' was not found with 'libcurl.lib(eng_list.obj)' or at 'C:\Users\white\GitHub\SAMP_AC_v2\Release\libmt.pdb'; linking object as if no debug info
libcurl.lib(eng_lib.obj) : warning LNK4099: PDB 'libmt.pdb' was not found with 'libcurl.lib(eng_lib.obj)' or at 'C:\Users\white\GitHub\SAMP_AC_v2\Release\libmt.pdb'; linking object as if no debug info
libcurl.lib(eng_err.obj) : warning LNK4099: PDB 'libmt.pdb' was not found with 'libcurl.lib(eng_err.obj)' or at 'C:\Users\white\GitHub\SAMP_AC_v2\Release\libmt.pdb'; linking object as if no debug info
libcurl.lib(c_zlib.obj) : warning LNK4099: PDB 'libmt.pdb' was not found with 'libcurl.lib(c_zlib.obj)' or at 'C:\Users\white\GitHub\SAMP_AC_v2\Release\libmt.pdb'; linking object as if no debug info
libcurl.lib(comp_err.obj) : warning LNK4099: PDB 'libmt.pdb' was not found with 'libcurl.lib(comp_err.obj)' or at 'C:\Users\white\GitHub\SAMP_AC_v2\Release\libmt.pdb'; linking object as if no debug info
libcurl.lib(comp_lib.obj) : warning LNK4099: PDB 'libmt.pdb' was not found with 'libcurl.lib(comp_lib.obj)' or at 'C:\Users\white\GitHub\SAMP_AC_v2\Release\libmt.pdb'; linking object as if no debug info
libcurl.lib(p12_p8e.obj) : warning LNK4099: PDB 'libmt.pdb' was not found with 'libcurl.lib(p12_p8e.obj)' or at 'C:\Users\white\GitHub\SAMP_AC_v2\Release\libmt.pdb'; linking object as if no debug info
libcurl.lib(p12_p8d.obj) : warning LNK4099: PDB 'libmt.pdb' was not found with 'libcurl.lib(p12_p8d.obj)' or at 'C:\Users\white\GitHub\SAMP_AC_v2\Release\libmt.pdb'; linking object as if no debug info
libcurl.lib(pk12err.obj) : warning LNK4099: PDB 'libmt.pdb' was not found with 'libcurl.lib(pk12err.obj)' or at 'C:\Users\white\GitHub\SAMP_AC_v2\Release\libmt.pdb'; linking object as if no debug info
libcurl.lib(p12_utl.obj) : warning LNK4099: PDB 'libmt.pdb' was not found with 'libcurl.lib(p12_utl.obj)' or at 'C:\Users\white\GitHub\SAMP_AC_v2\Release\libmt.pdb'; linking object as if no debug info
libcurl.lib(p12_key.obj) : warning LNK4099: PDB 'libmt.pdb' was not found with 'libcurl.lib(p12_key.obj)' or at 'C:\Users\white\GitHub\SAMP_AC_v2\Release\libmt.pdb'; linking object as if no debug info
libcurl.lib(p12_decr.obj) : warning LNK4099: PDB 'libmt.pdb' was not found with 'libcurl.lib(p12_decr.obj)' or at 'C:\Users\white\GitHub\SAMP_AC_v2\Release\libmt.pdb'; linking object as if no debug info
libcurl.lib(p12_crpt.obj) : warning LNK4099: PDB 'libmt.pdb' was not found with 'libcurl.lib(p12_crpt.obj)' or at 'C:\Users\white\GitHub\SAMP_AC_v2\Release\libmt.pdb'; linking object as if no debug info
libcurl.lib(p12_asn.obj) : warning LNK4099: PDB 'libmt.pdb' was not found with 'libcurl.lib(p12_asn.obj)' or at 'C:\Users\white\GitHub\SAMP_AC_v2\Release\libmt.pdb'; linking object as if no debug info
libcurl.lib(p12_add.obj) : warning LNK4099: PDB 'libmt.pdb' was not found with 'libcurl.lib(p12_add.obj)' or at 'C:\Users\white\GitHub\SAMP_AC_v2\Release\libmt.pdb'; linking object as if no debug info
libcurl.lib(pk7_attr.obj) : warning LNK4099: PDB 'libmt.pdb' was not found with 'libcurl.lib(pk7_attr.obj)' or at 'C:\Users\white\GitHub\SAMP_AC_v2\Release\libmt.pdb'; linking object as if no debug info
libcurl.lib(pk7_doit.obj) : warning LNK4099: PDB 'libmt.pdb' was not found with 'libcurl.lib(pk7_doit.obj)' or at 'C:\Users\white\GitHub\SAMP_AC_v2\Release\libmt.pdb'; linking object as if no debug info
libcurl.lib(pkcs7err.obj) : warning LNK4099: PDB 'libmt.pdb' was not found with 'libcurl.lib(pkcs7err.obj)' or at 'C:\Users\white\GitHub\SAMP_AC_v2\Release\libmt.pdb'; linking object as if no debug info
libcurl.lib(pk7_lib.obj) : warning LNK4099: PDB 'libmt.pdb' was not found with 'libcurl.lib(pk7_lib.obj)' or at 'C:\Users\white\GitHub\SAMP_AC_v2\Release\libmt.pdb'; linking object as if no debug info
libcurl.lib(pk7_asn1.obj) : warning LNK4099: PDB 'libmt.pdb' was not found with 'libcurl.lib(pk7_asn1.obj)' or at 'C:\Users\white\GitHub\SAMP_AC_v2\Release\libmt.pdb'; linking object as if no debug info
libcurl.lib(txt_db.obj) : warning LNK4099: PDB 'libmt.pdb' was not found with 'libcurl.lib(txt_db.obj)' or at 'C:\Users\white\GitHub\SAMP_AC_v2\Release\libmt.pdb'; linking object as if no debug info
libcurl.lib(conf_mall.obj) : warning LNK4099: PDB 'libmt.pdb' was not found with 'libcurl.lib(conf_mall.obj)' or at 'C:\Users\white\GitHub\SAMP_AC_v2\Release\libmt.pdb'; linking object as if no debug info
libcurl.lib(conf_mod.obj) : warning LNK4099: PDB 'libmt.pdb' was not found with 'libcurl.lib(conf_mod.obj)' or at 'C:\Users\white\GitHub\SAMP_AC_v2\Release\libmt.pdb'; linking object as if no debug info
libcurl.lib(conf_def.obj) : warning LNK4099: PDB 'libmt.pdb' was not found with 'libcurl.lib(conf_def.obj)' or at 'C:\Users\white\GitHub\SAMP_AC_v2\Release\libmt.pdb'; linking object as if no debug info
libcurl.lib(conf_api.obj) : warning LNK4099: PDB 'libmt.pdb' was not found with 'libcurl.lib(conf_api.obj)' or at 'C:\Users\white\GitHub\SAMP_AC_v2\Release\libmt.pdb'; linking object as if no debug info
libcurl.lib(conf_lib.obj) : warning LNK4099: PDB 'libmt.pdb' was not found with 'libcurl.lib(conf_lib.obj)' or at 'C:\Users\white\GitHub\SAMP_AC_v2\Release\libmt.pdb'; linking object as if no debug info
libcurl.lib(conf_err.obj) : warning LNK4099: PDB 'libmt.pdb' was not found with 'libcurl.lib(conf_err.obj)' or at 'C:\Users\white\GitHub\SAMP_AC_v2\Release\libmt.pdb'; linking object as if no debug info
libcurl.lib(cms_pwri.obj) : warning LNK4099: PDB 'libmt.pdb' was not found with 'libcurl.lib(cms_pwri.obj)' or at 'C:\Users\white\GitHub\SAMP_AC_v2\Release\libmt.pdb'; linking object as if no debug info
libcurl.lib(cms_enc.obj) : warning LNK4099: PDB 'libmt.pdb' was not found with 'libcurl.lib(cms_enc.obj)' or at 'C:\Users\white\GitHub\SAMP_AC_v2\Release\libmt.pdb'; linking object as if no debug info
libcurl.lib(cms_env.obj) : warning LNK4099: PDB 'libmt.pdb' was not found with 'libcurl.lib(cms_env.obj)' or at 'C:\Users\white\GitHub\SAMP_AC_v2\Release\libmt.pdb'; linking object as if no debug info
libcurl.lib(cms_dd.obj) : warning LNK4099: PDB 'libmt.pdb' was not found with 'libcurl.lib(cms_dd.obj)' or at 'C:\Users\white\GitHub\SAMP_AC_v2\Release\libmt.pdb'; linking object as if no debug info
libcurl.lib(cms_sd.obj) : warning LNK4099: PDB 'libmt.pdb' was not found with 'libcurl.lib(cms_sd.obj)' or at 'C:\Users\white\GitHub\SAMP_AC_v2\Release\libmt.pdb'; linking object as if no debug info
libcurl.lib(cms_err.obj) : warning LNK4099: PDB 'libmt.pdb' was not found with 'libcurl.lib(cms_err.obj)' or at 'C:\Users\white\GitHub\SAMP_AC_v2\Release\libmt.pdb'; linking object as if no debug info
libcurl.lib(cms_io.obj) : warning LNK4099: PDB 'libmt.pdb' was not found with 'libcurl.lib(cms_io.obj)' or at 'C:\Users\white\GitHub\SAMP_AC_v2\Release\libmt.pdb'; linking object as if no debug info
libcurl.lib(cms_att.obj) : warning LNK4099: PDB 'libmt.pdb' was not found with 'libcurl.lib(cms_att.obj)' or at 'C:\Users\white\GitHub\SAMP_AC_v2\Release\libmt.pdb'; linking object as if no debug info
libcurl.lib(cms_asn1.obj) : warning LNK4099: PDB 'libmt.pdb' was not found with 'libcurl.lib(cms_asn1.obj)' or at 'C:\Users\white\GitHub\SAMP_AC_v2\Release\libmt.pdb'; linking object as if no debug info
libcurl.lib(cms_lib.obj) : warning LNK4099: PDB 'libmt.pdb' was not found with 'libcurl.lib(cms_lib.obj)' or at 'C:\Users\white\GitHub\SAMP_AC_v2\Release\libmt.pdb'; linking object as if no debug info
libcurl.lib(pcy_lib.obj) : warning LNK4099: PDB 'libmt.pdb' was not found with 'libcurl.lib(pcy_lib.obj)' or at 'C:\Users\white\GitHub\SAMP_AC_v2\Release\libmt.pdb'; linking object as if no debug info
libcurl.lib(pcy_tree.obj) : warning LNK4099: PDB 'libmt.pdb' was not found with 'libcurl.lib(pcy_tree.obj)' or at 'C:\Users\white\GitHub\SAMP_AC_v2\Release\libmt.pdb'; linking object as if no debug info
libcurl.lib(pcy_map.obj) : warning LNK4099: PDB 'libmt.pdb' was not found with 'libcurl.lib(pcy_map.obj)' or at 'C:\Users\white\GitHub\SAMP_AC_v2\Release\libmt.pdb'; linking object as if no debug info
libcurl.lib(pcy_data.obj) : warning LNK4099: PDB 'libmt.pdb' was not found with 'libcurl.lib(pcy_data.obj)' or at 'C:\Users\white\GitHub\SAMP_AC_v2\Release\libmt.pdb'; linking object as if no debug info
libcurl.lib(pcy_node.obj) : warning LNK4099: PDB 'libmt.pdb' was not found with 'libcurl.lib(pcy_node.obj)' or at 'C:\Users\white\GitHub\SAMP_AC_v2\Release\libmt.pdb'; linking object as if no debug info
libcurl.lib(pcy_cache.obj) : warning LNK4099: PDB 'libmt.pdb' was not found with 'libcurl.lib(pcy_cache.obj)' or at 'C:\Users\white\GitHub\SAMP_AC_v2\Release\libmt.pdb'; linking object as if no debug info
libcurl.lib(v3_pci.obj) : warning LNK4099: PDB 'libmt.pdb' was not found with 'libcurl.lib(v3_pci.obj)' or at 'C:\Users\white\GitHub\SAMP_AC_v2\Release\libmt.pdb'; linking object as if no debug info
libcurl.lib(v3_pcia.obj) : warning LNK4099: PDB 'libmt.pdb' was not found with 'libcurl.lib(v3_pcia.obj)' or at 'C:\Users\white\GitHub\SAMP_AC_v2\Release\libmt.pdb'; linking object as if no debug info
libcurl.lib(v3_ncons.obj) : warning LNK4099: PDB 'libmt.pdb' was not found with 'libcurl.lib(v3_ncons.obj)' or at 'C:\Users\white\GitHub\SAMP_AC_v2\Release\libmt.pdb'; linking object as if no debug info
libcurl.lib(v3_pcons.obj) : warning LNK4099: PDB 'libmt.pdb' was not found with 'libcurl.lib(v3_pcons.obj)' or at 'C:\Users\white\GitHub\SAMP_AC_v2\Release\libmt.pdb'; linking object as if no debug info
libcurl.lib(v3_pmaps.obj) : warning LNK4099: PDB 'libmt.pdb' was not found with 'libcurl.lib(v3_pmaps.obj)' or at 'C:\Users\white\GitHub\SAMP_AC_v2\Release\libmt.pdb'; linking object as if no debug info
libcurl.lib(v3_akeya.obj) : warning LNK4099: PDB 'libmt.pdb' was not found with 'libcurl.lib(v3_akeya.obj)' or at 'C:\Users\white\GitHub\SAMP_AC_v2\Release\libmt.pdb'; linking object as if no debug info
libcurl.lib(v3_ocsp.obj) : warning LNK4099: PDB 'libmt.pdb' was not found with 'libcurl.lib(v3_ocsp.obj)' or at 'C:\Users\white\GitHub\SAMP_AC_v2\Release\libmt.pdb'; linking object as if no debug info
libcurl.lib(v3_info.obj) : warning LNK4099: PDB 'libmt.pdb' was not found with 'libcurl.lib(v3_info.obj)' or at 'C:\Users\white\GitHub\SAMP_AC_v2\Release\libmt.pdb'; linking object as if no debug info
libcurl.lib(v3_purp.obj) : warning LNK4099: PDB 'libmt.pdb' was not found with 'libcurl.lib(v3_purp.obj)' or at 'C:\Users\white\GitHub\SAMP_AC_v2\Release\libmt.pdb'; linking object as if no debug info
libcurl.lib(v3_crld.obj) : warning LNK4099: PDB 'libmt.pdb' was not found with 'libcurl.lib(v3_crld.obj)' or at 'C:\Users\white\GitHub\SAMP_AC_v2\Release\libmt.pdb'; linking object as if no debug info
libcurl.lib(v3_cpols.obj) : warning LNK4099: PDB 'libmt.pdb' was not found with 'libcurl.lib(v3_cpols.obj)' or at 'C:\Users\white\GitHub\SAMP_AC_v2\Release\libmt.pdb'; linking object as if no debug info
libcurl.lib(v3_sxnet.obj) : warning LNK4099: PDB 'libmt.pdb' was not found with 'libcurl.lib(v3_sxnet.obj)' or at 'C:\Users\white\GitHub\SAMP_AC_v2\Release\libmt.pdb'; linking object as if no debug info
libcurl.lib(v3_enum.obj) : warning LNK4099: PDB 'libmt.pdb' was not found with 'libcurl.lib(v3_enum.obj)' or at 'C:\Users\white\GitHub\SAMP_AC_v2\Release\libmt.pdb'; linking object as if no debug info
libcurl.lib(v3_int.obj) : warning LNK4099: PDB 'libmt.pdb' was not found with 'libcurl.lib(v3_int.obj)' or at 'C:\Users\white\GitHub\SAMP_AC_v2\Release\libmt.pdb'; linking object as if no debug info
libcurl.lib(v3_pku.obj) : warning LNK4099: PDB 'libmt.pdb' was not found with 'libcurl.lib(v3_pku.obj)' or at 'C:\Users\white\GitHub\SAMP_AC_v2\Release\libmt.pdb'; linking object as if no debug info
libcurl.lib(v3_akey.obj) : warning LNK4099: PDB 'libmt.pdb' was not found with 'libcurl.lib(v3_akey.obj)' or at 'C:\Users\white\GitHub\SAMP_AC_v2\Release\libmt.pdb'; linking object as if no debug info
libcurl.lib(v3_skey.obj) : warning LNK4099: PDB 'libmt.pdb' was not found with 'libcurl.lib(v3_skey.obj)' or at 'C:\Users\white\GitHub\SAMP_AC_v2\Release\libmt.pdb'; linking object as if no debug info
libcurl.lib(v3_alt.obj) : warning LNK4099: PDB 'libmt.pdb' was not found with 'libcurl.lib(v3_alt.obj)' or at 'C:\Users\white\GitHub\SAMP_AC_v2\Release\libmt.pdb'; linking object as if no debug info
libcurl.lib(v3_genn.obj) : warning LNK4099: PDB 'libmt.pdb' was not found with 'libcurl.lib(v3_genn.obj)' or at 'C:\Users\white\GitHub\SAMP_AC_v2\Release\libmt.pdb'; linking object as if no debug info
libcurl.lib(v3err.obj) : warning LNK4099: PDB 'libmt.pdb' was not found with 'libcurl.lib(v3err.obj)' or at 'C:\Users\white\GitHub\SAMP_AC_v2\Release\libmt.pdb'; linking object as if no debug info
libcurl.lib(v3_utl.obj) : warning LNK4099: PDB 'libmt.pdb' was not found with 'libcurl.lib(v3_utl.obj)' or at 'C:\Users\white\GitHub\SAMP_AC_v2\Release\libmt.pdb'; linking object as if no debug info
libcurl.lib(v3_prn.obj) : warning LNK4099: PDB 'libmt.pdb' was not found with 'libcurl.lib(v3_prn.obj)' or at 'C:\Users\white\GitHub\SAMP_AC_v2\Release\libmt.pdb'; linking object as if no debug info
libcurl.lib(v3_lib.obj) : warning LNK4099: PDB 'libmt.pdb' was not found with 'libcurl.lib(v3_lib.obj)' or at 'C:\Users\white\GitHub\SAMP_AC_v2\Release\libmt.pdb'; linking object as if no debug info
libcurl.lib(v3_ia5.obj) : warning LNK4099: PDB 'libmt.pdb' was not found with 'libcurl.lib(v3_ia5.obj)' or at 'C:\Users\white\GitHub\SAMP_AC_v2\Release\libmt.pdb'; linking object as if no debug info
libcurl.lib(v3_extku.obj) : warning LNK4099: PDB 'libmt.pdb' was not found with 'libcurl.lib(v3_extku.obj)' or at 'C:\Users\white\GitHub\SAMP_AC_v2\Release\libmt.pdb'; linking object as if no debug info
libcurl.lib(v3_conf.obj) : warning LNK4099: PDB 'libmt.pdb' was not found with 'libcurl.lib(v3_conf.obj)' or at 'C:\Users\white\GitHub\SAMP_AC_v2\Release\libmt.pdb'; linking object as if no debug info
libcurl.lib(v3_bitst.obj) : warning LNK4099: PDB 'libmt.pdb' was not found with 'libcurl.lib(v3_bitst.obj)' or at 'C:\Users\white\GitHub\SAMP_AC_v2\Release\libmt.pdb'; linking object as if no debug info
libcurl.lib(v3_bcons.obj) : warning LNK4099: PDB 'libmt.pdb' was not found with 'libcurl.lib(v3_bcons.obj)' or at 'C:\Users\white\GitHub\SAMP_AC_v2\Release\libmt.pdb'; linking object as if no debug info
libcurl.lib(x509_vpm.obj) : warning LNK4099: PDB 'libmt.pdb' was not found with 'libcurl.lib(x509_vpm.obj)' or at 'C:\Users\white\GitHub\SAMP_AC_v2\Release\libmt.pdb'; linking object as if no debug info
libcurl.lib(by_dir.obj) : warning LNK4099: PDB 'libmt.pdb' was not found with 'libcurl.lib(by_dir.obj)' or at 'C:\Users\white\GitHub\SAMP_AC_v2\Release\libmt.pdb'; linking object as if no debug info
libcurl.lib(by_file.obj) : warning LNK4099: PDB 'libmt.pdb' was not found with 'libcurl.lib(by_file.obj)' or at 'C:\Users\white\GitHub\SAMP_AC_v2\Release\libmt.pdb'; linking object as if no debug info
libcurl.lib(x509_trs.obj) : warning LNK4099: PDB 'libmt.pdb' was not found with 'libcurl.lib(x509_trs.obj)' or at 'C:\Users\white\GitHub\SAMP_AC_v2\Release\libmt.pdb'; linking object as if no debug info
libcurl.lib(x509_txt.obj) : warning LNK4099: PDB 'libmt.pdb' was not found with 'libcurl.lib(x509_txt.obj)' or at 'C:\Users\white\GitHub\SAMP_AC_v2\Release\libmt.pdb'; linking object as if no debug info
libcurl.lib(x_all.obj) : warning LNK4099: PDB 'libmt.pdb' was not found with 'libcurl.lib(x_all.obj)' or at 'C:\Users\white\GitHub\SAMP_AC_v2\Release\libmt.pdb'; linking object as if no debug info
libcurl.lib(x509_lu.obj) : warning LNK4099: PDB 'libmt.pdb' was not found with 'libcurl.lib(x509_lu.obj)' or at 'C:\Users\white\GitHub\SAMP_AC_v2\Release\libmt.pdb'; linking object as if no debug info
libcurl.lib(x509type.obj) : warning LNK4099: PDB 'libmt.pdb' was not found with 'libcurl.lib(x509type.obj)' or at 'C:\Users\white\GitHub\SAMP_AC_v2\Release\libmt.pdb'; linking object as if no debug info
libcurl.lib(x509_att.obj) : warning LNK4099: PDB 'libmt.pdb' was not found with 'libcurl.lib(x509_att.obj)' or at 'C:\Users\white\GitHub\SAMP_AC_v2\Release\libmt.pdb'; linking object as if no debug info
libcurl.lib(x509_ext.obj) : warning LNK4099: PDB 'libmt.pdb' was not found with 'libcurl.lib(x509_ext.obj)' or at 'C:\Users\white\GitHub\SAMP_AC_v2\Release\libmt.pdb'; linking object as if no debug info
libcurl.lib(x509_v3.obj) : warning LNK4099: PDB 'libmt.pdb' was not found with 'libcurl.lib(x509_v3.obj)' or at 'C:\Users\white\GitHub\SAMP_AC_v2\Release\libmt.pdb'; linking object as if no debug info
libcurl.lib(x509name.obj) : warning LNK4099: PDB 'libmt.pdb' was not found with 'libcurl.lib(x509name.obj)' or at 'C:\Users\white\GitHub\SAMP_AC_v2\Release\libmt.pdb'; linking object as if no debug info
libcurl.lib(x509_err.obj) : warning LNK4099: PDB 'libmt.pdb' was not found with 'libcurl.lib(x509_err.obj)' or at 'C:\Users\white\GitHub\SAMP_AC_v2\Release\libmt.pdb'; linking object as if no debug info
libcurl.lib(x509rset.obj) : warning LNK4099: PDB 'libmt.pdb' was not found with 'libcurl.lib(x509rset.obj)' or at 'C:\Users\white\GitHub\SAMP_AC_v2\Release\libmt.pdb'; linking object as if no debug info
libcurl.lib(x509_vfy.obj) : warning LNK4099: PDB 'libmt.pdb' was not found with 'libcurl.lib(x509_vfy.obj)' or at 'C:\Users\white\GitHub\SAMP_AC_v2\Release\libmt.pdb'; linking object as if no debug info
libcurl.lib(x509_req.obj) : warning LNK4099: PDB 'libmt.pdb' was not found with 'libcurl.lib(x509_req.obj)' or at 'C:\Users\white\GitHub\SAMP_AC_v2\Release\libmt.pdb'; linking object as if no debug info
libcurl.lib(x509_obj.obj) : warning LNK4099: PDB 'libmt.pdb' was not found with 'libcurl.lib(x509_obj.obj)' or at 'C:\Users\white\GitHub\SAMP_AC_v2\Release\libmt.pdb'; linking object as if no debug info
libcurl.lib(x509_cmp.obj) : warning LNK4099: PDB 'libmt.pdb' was not found with 'libcurl.lib(x509_cmp.obj)' or at 'C:\Users\white\GitHub\SAMP_AC_v2\Release\libmt.pdb'; linking object as if no debug info
libcurl.lib(x509_d2.obj) : warning LNK4099: PDB 'libmt.pdb' was not found with 'libcurl.lib(x509_d2.obj)' or at 'C:\Users\white\GitHub\SAMP_AC_v2\Release\libmt.pdb'; linking object as if no debug info
libcurl.lib(x509_def.obj) : warning LNK4099: PDB 'libmt.pdb' was not found with 'libcurl.lib(x509_def.obj)' or at 'C:\Users\white\GitHub\SAMP_AC_v2\Release\libmt.pdb'; linking object as if no debug info
libcurl.lib(pem_pkey.obj) : warning LNK4099: PDB 'libmt.pdb' was not found with 'libcurl.lib(pem_pkey.obj)' or at 'C:\Users\white\GitHub\SAMP_AC_v2\Release\libmt.pdb'; linking object as if no debug info
libcurl.lib(pem_pk8.obj) : warning LNK4099: PDB 'libmt.pdb' was not found with 'libcurl.lib(pem_pk8.obj)' or at 'C:\Users\white\GitHub\SAMP_AC_v2\Release\libmt.pdb'; linking object as if no debug info
libcurl.lib(pem_oth.obj) : warning LNK4099: PDB 'libmt.pdb' was not found with 'libcurl.lib(pem_oth.obj)' or at 'C:\Users\white\GitHub\SAMP_AC_v2\Release\libmt.pdb'; linking object as if no debug info
libcurl.lib(pem_xaux.obj) : warning LNK4099: PDB 'libmt.pdb' was not found with 'libcurl.lib(pem_xaux.obj)' or at 'C:\Users\white\GitHub\SAMP_AC_v2\Release\libmt.pdb'; linking object as if no debug info
libcurl.lib(pem_x509.obj) : warning LNK4099: PDB 'libmt.pdb' was not found with 'libcurl.lib(pem_x509.obj)' or at 'C:\Users\white\GitHub\SAMP_AC_v2\Release\libmt.pdb'; linking object as if no debug info
libcurl.lib(pem_err.obj) : warning LNK4099: PDB 'libmt.pdb' was not found with 'libcurl.lib(pem_err.obj)' or at 'C:\Users\white\GitHub\SAMP_AC_v2\Release\libmt.pdb'; linking object as if no debug info
libcurl.lib(pem_all.obj) : warning LNK4099: PDB 'libmt.pdb' was not found with 'libcurl.lib(pem_all.obj)' or at 'C:\Users\white\GitHub\SAMP_AC_v2\Release\libmt.pdb'; linking object as if no debug info
libcurl.lib(pem_lib.obj) : warning LNK4099: PDB 'libmt.pdb' was not found with 'libcurl.lib(pem_lib.obj)' or at 'C:\Users\white\GitHub\SAMP_AC_v2\Release\libmt.pdb'; linking object as if no debug info
libcurl.lib(pem_info.obj) : warning LNK4099: PDB 'libmt.pdb' was not found with 'libcurl.lib(pem_info.obj)' or at 'C:\Users\white\GitHub\SAMP_AC_v2\Release\libmt.pdb'; linking object as if no debug info
libcurl.lib(asn_moid.obj) : warning LNK4099: PDB 'libmt.pdb' was not found with 'libcurl.lib(asn_moid.obj)' or at 'C:\Users\white\GitHub\SAMP_AC_v2\Release\libmt.pdb'; linking object as if no debug info
libcurl.lib(p8_pkey.obj) : warning LNK4099: PDB 'libmt.pdb' was not found with 'libcurl.lib(p8_pkey.obj)' or at 'C:\Users\white\GitHub\SAMP_AC_v2\Release\libmt.pdb'; linking object as if no debug info
libcurl.lib(p5_pbev2.obj) : warning LNK4099: PDB 'libmt.pdb' was not found with 'libcurl.lib(p5_pbev2.obj)' or at 'C:\Users\white\GitHub\SAMP_AC_v2\Release\libmt.pdb'; linking object as if no debug info
libcurl.lib(p5_pbe.obj) : warning LNK4099: PDB 'libmt.pdb' was not found with 'libcurl.lib(p5_pbe.obj)' or at 'C:\Users\white\GitHub\SAMP_AC_v2\Release\libmt.pdb'; linking object as if no debug info
libcurl.lib(asn_pack.obj) : warning LNK4099: PDB 'libmt.pdb' was not found with 'libcurl.lib(asn_pack.obj)' or at 'C:\Users\white\GitHub\SAMP_AC_v2\Release\libmt.pdb'; linking object as if no debug info
libcurl.lib(evp_asn1.obj) : warning LNK4099: PDB 'libmt.pdb' was not found with 'libcurl.lib(evp_asn1.obj)' or at 'C:\Users\white\GitHub\SAMP_AC_v2\Release\libmt.pdb'; linking object as if no debug info
libcurl.lib(a_strnid.obj) : warning LNK4099: PDB 'libmt.pdb' was not found with 'libcurl.lib(a_strnid.obj)' or at 'C:\Users\white\GitHub\SAMP_AC_v2\Release\libmt.pdb'; linking object as if no debug info
libcurl.lib(a_bytes.obj) : warning LNK4099: PDB 'libmt.pdb' was not found with 'libcurl.lib(a_bytes.obj)' or at 'C:\Users\white\GitHub\SAMP_AC_v2\Release\libmt.pdb'; linking object as if no debug info
libcurl.lib(asn1_err.obj) : warning LNK4099: PDB 'libmt.pdb' was not found with 'libcurl.lib(asn1_err.obj)' or at 'C:\Users\white\GitHub\SAMP_AC_v2\Release\libmt.pdb'; linking object as if no debug info
libcurl.lib(asn1_lib.obj) : warning LNK4099: PDB 'libmt.pdb' was not found with 'libcurl.lib(asn1_lib.obj)' or at 'C:\Users\white\GitHub\SAMP_AC_v2\Release\libmt.pdb'; linking object as if no debug info
libcurl.lib(asn1_par.obj) : warning LNK4099: PDB 'libmt.pdb' was not found with 'libcurl.lib(asn1_par.obj)' or at 'C:\Users\white\GitHub\SAMP_AC_v2\Release\libmt.pdb'; linking object as if no debug info
libcurl.lib(asn1_gen.obj) : warning LNK4099: PDB 'libmt.pdb' was not found with 'libcurl.lib(asn1_gen.obj)' or at 'C:\Users\white\GitHub\SAMP_AC_v2\Release\libmt.pdb'; linking object as if no debug info
libcurl.lib(asn_mime.obj) : warning LNK4099: PDB 'libmt.pdb' was not found with 'libcurl.lib(asn_mime.obj)' or at 'C:\Users\white\GitHub\SAMP_AC_v2\Release\libmt.pdb'; linking object as if no debug info
libcurl.lib(bio_ndef.obj) : warning LNK4099: PDB 'libmt.pdb' was not found with 'libcurl.lib(bio_ndef.obj)' or at 'C:\Users\white\GitHub\SAMP_AC_v2\Release\libmt.pdb'; linking object as if no debug info
libcurl.lib(bio_asn1.obj) : warning LNK4099: PDB 'libmt.pdb' was not found with 'libcurl.lib(bio_asn1.obj)' or at 'C:\Users\white\GitHub\SAMP_AC_v2\Release\libmt.pdb'; linking object as if no debug info
libcurl.lib(x_exten.obj) : warning LNK4099: PDB 'libmt.pdb' was not found with 'libcurl.lib(x_exten.obj)' or at 'C:\Users\white\GitHub\SAMP_AC_v2\Release\libmt.pdb'; linking object as if no debug info
libcurl.lib(a_bool.obj) : warning LNK4099: PDB 'libmt.pdb' was not found with 'libcurl.lib(a_bool.obj)' or at 'C:\Users\white\GitHub\SAMP_AC_v2\Release\libmt.pdb'; linking object as if no debug info
libcurl.lib(x_pkey.obj) : warning LNK4099: PDB 'libmt.pdb' was not found with 'libcurl.lib(x_pkey.obj)' or at 'C:\Users\white\GitHub\SAMP_AC_v2\Release\libmt.pdb'; linking object as if no debug info
libcurl.lib(f_string.obj) : warning LNK4099: PDB 'libmt.pdb' was not found with 'libcurl.lib(f_string.obj)' or at 'C:\Users\white\GitHub\SAMP_AC_v2\Release\libmt.pdb'; linking object as if no debug info
libcurl.lib(f_int.obj) : warning LNK4099: PDB 'libmt.pdb' was not found with 'libcurl.lib(f_int.obj)' or at 'C:\Users\white\GitHub\SAMP_AC_v2\Release\libmt.pdb'; linking object as if no debug info
libcurl.lib(ameth_lib.obj) : warning LNK4099: PDB 'libmt.pdb' was not found with 'libcurl.lib(ameth_lib.obj)' or at 'C:\Users\white\GitHub\SAMP_AC_v2\Release\libmt.pdb'; linking object as if no debug info
libcurl.lib(tasn_prn.obj) : warning LNK4099: PDB 'libmt.pdb' was not found with 'libcurl.lib(tasn_prn.obj)' or at 'C:\Users\white\GitHub\SAMP_AC_v2\Release\libmt.pdb'; linking object as if no debug info
libcurl.lib(tasn_typ.obj) : warning LNK4099: PDB 'libmt.pdb' was not found with 'libcurl.lib(tasn_typ.obj)' or at 'C:\Users\white\GitHub\SAMP_AC_v2\Release\libmt.pdb'; linking object as if no debug info
libcurl.lib(tasn_utl.obj) : warning LNK4099: PDB 'libmt.pdb' was not found with 'libcurl.lib(tasn_utl.obj)' or at 'C:\Users\white\GitHub\SAMP_AC_v2\Release\libmt.pdb'; linking object as if no debug info
libcurl.lib(tasn_dec.obj) : warning LNK4099: PDB 'libmt.pdb' was not found with 'libcurl.lib(tasn_dec.obj)' or at 'C:\Users\white\GitHub\SAMP_AC_v2\Release\libmt.pdb'; linking object as if no debug info
libcurl.lib(tasn_enc.obj) : warning LNK4099: PDB 'libmt.pdb' was not found with 'libcurl.lib(tasn_enc.obj)' or at 'C:\Users\white\GitHub\SAMP_AC_v2\Release\libmt.pdb'; linking object as if no debug info
libcurl.lib(tasn_fre.obj) : warning LNK4099: PDB 'libmt.pdb' was not found with 'libcurl.lib(tasn_fre.obj)' or at 'C:\Users\white\GitHub\SAMP_AC_v2\Release\libmt.pdb'; linking object as if no debug info
libcurl.lib(tasn_new.obj) : warning LNK4099: PDB 'libmt.pdb' was not found with 'libcurl.lib(tasn_new.obj)' or at 'C:\Users\white\GitHub\SAMP_AC_v2\Release\libmt.pdb'; linking object as if no debug info
libcurl.lib(t_pkey.obj) : warning LNK4099: PDB 'libmt.pdb' was not found with 'libcurl.lib(t_pkey.obj)' or at 'C:\Users\white\GitHub\SAMP_AC_v2\Release\libmt.pdb'; linking object as if no debug info
libcurl.lib(t_x509a.obj) : warning LNK4099: PDB 'libmt.pdb' was not found with 'libcurl.lib(t_x509a.obj)' or at 'C:\Users\white\GitHub\SAMP_AC_v2\Release\libmt.pdb'; linking object as if no debug info
libcurl.lib(t_x509.obj) : warning LNK4099: PDB 'libmt.pdb' was not found with 'libcurl.lib(t_x509.obj)' or at 'C:\Users\white\GitHub\SAMP_AC_v2\Release\libmt.pdb'; linking object as if no debug info
libcurl.lib(i2d_pr.obj) : warning LNK4099: PDB 'libmt.pdb' was not found with 'libcurl.lib(i2d_pr.obj)' or at 'C:\Users\white\GitHub\SAMP_AC_v2\Release\libmt.pdb'; linking object as if no debug info
libcurl.lib(d2i_pr.obj) : warning LNK4099: PDB 'libmt.pdb' was not found with 'libcurl.lib(d2i_pr.obj)' or at 'C:\Users\white\GitHub\SAMP_AC_v2\Release\libmt.pdb'; linking object as if no debug info
libcurl.lib(nsseq.obj) : warning LNK4099: PDB 'libmt.pdb' was not found with 'libcurl.lib(nsseq.obj)' or at 'C:\Users\white\GitHub\SAMP_AC_v2\Release\libmt.pdb'; linking object as if no debug info
libcurl.lib(x_spki.obj) : warning LNK4099: PDB 'libmt.pdb' was not found with 'libcurl.lib(x_spki.obj)' or at 'C:\Users\white\GitHub\SAMP_AC_v2\Release\libmt.pdb'; linking object as if no debug info
libcurl.lib(x_info.obj) : warning LNK4099: PDB 'libmt.pdb' was not found with 'libcurl.lib(x_info.obj)' or at 'C:\Users\white\GitHub\SAMP_AC_v2\Release\libmt.pdb'; linking object as if no debug info
libcurl.lib(x_crl.obj) : warning LNK4099: PDB 'libmt.pdb' was not found with 'libcurl.lib(x_crl.obj)' or at 'C:\Users\white\GitHub\SAMP_AC_v2\Release\libmt.pdb'; linking object as if no debug info
libcurl.lib(x_x509a.obj) : warning LNK4099: PDB 'libmt.pdb' was not found with 'libcurl.lib(x_x509a.obj)' or at 'C:\Users\white\GitHub\SAMP_AC_v2\Release\libmt.pdb'; linking object as if no debug info
libcurl.lib(x_x509.obj) : warning LNK4099: PDB 'libmt.pdb' was not found with 'libcurl.lib(x_x509.obj)' or at 'C:\Users\white\GitHub\SAMP_AC_v2\Release\libmt.pdb'; linking object as if no debug info
libcurl.lib(x_name.obj) : warning LNK4099: PDB 'libmt.pdb' was not found with 'libcurl.lib(x_name.obj)' or at 'C:\Users\white\GitHub\SAMP_AC_v2\Release\libmt.pdb'; linking object as if no debug info
libcurl.lib(x_long.obj) : warning LNK4099: PDB 'libmt.pdb' was not found with 'libcurl.lib(x_long.obj)' or at 'C:\Users\white\GitHub\SAMP_AC_v2\Release\libmt.pdb'; linking object as if no debug info
libcurl.lib(x_bignum.obj) : warning LNK4099: PDB 'libmt.pdb' was not found with 'libcurl.lib(x_bignum.obj)' or at 'C:\Users\white\GitHub\SAMP_AC_v2\Release\libmt.pdb'; linking object as if no debug info
libcurl.lib(x_attrib.obj) : warning LNK4099: PDB 'libmt.pdb' was not found with 'libcurl.lib(x_attrib.obj)' or at 'C:\Users\white\GitHub\SAMP_AC_v2\Release\libmt.pdb'; linking object as if no debug info
libcurl.lib(x_req.obj) : warning LNK4099: PDB 'libmt.pdb' was not found with 'libcurl.lib(x_req.obj)' or at 'C:\Users\white\GitHub\SAMP_AC_v2\Release\libmt.pdb'; linking object as if no debug info
libcurl.lib(x_sig.obj) : warning LNK4099: PDB 'libmt.pdb' was not found with 'libcurl.lib(x_sig.obj)' or at 'C:\Users\white\GitHub\SAMP_AC_v2\Release\libmt.pdb'; linking object as if no debug info
libcurl.lib(x_pubkey.obj) : warning LNK4099: PDB 'libmt.pdb' was not found with 'libcurl.lib(x_pubkey.obj)' or at 'C:\Users\white\GitHub\SAMP_AC_v2\Release\libmt.pdb'; linking object as if no debug info
libcurl.lib(x_val.obj) : warning LNK4099: PDB 'libmt.pdb' was not found with 'libcurl.lib(x_val.obj)' or at 'C:\Users\white\GitHub\SAMP_AC_v2\Release\libmt.pdb'; linking object as if no debug info
libcurl.lib(x_algor.obj) : warning LNK4099: PDB 'libmt.pdb' was not found with 'libcurl.lib(x_algor.obj)' or at 'C:\Users\white\GitHub\SAMP_AC_v2\Release\libmt.pdb'; linking object as if no debug info
libcurl.lib(a_strex.obj) : warning LNK4099: PDB 'libmt.pdb' was not found with 'libcurl.lib(a_strex.obj)' or at 'C:\Users\white\GitHub\SAMP_AC_v2\Release\libmt.pdb'; linking object as if no debug info
libcurl.lib(a_mbstr.obj) : warning LNK4099: PDB 'libmt.pdb' was not found with 'libcurl.lib(a_mbstr.obj)' or at 'C:\Users\white\GitHub\SAMP_AC_v2\Release\libmt.pdb'; linking object as if no debug info
libcurl.lib(a_verify.obj) : warning LNK4099: PDB 'libmt.pdb' was not found with 'libcurl.lib(a_verify.obj)' or at 'C:\Users\white\GitHub\SAMP_AC_v2\Release\libmt.pdb'; linking object as if no debug info
libcurl.lib(a_digest.obj) : warning LNK4099: PDB 'libmt.pdb' was not found with 'libcurl.lib(a_digest.obj)' or at 'C:\Users\white\GitHub\SAMP_AC_v2\Release\libmt.pdb'; linking object as if no debug info
libcurl.lib(a_sign.obj) : warning LNK4099: PDB 'libmt.pdb' was not found with 'libcurl.lib(a_sign.obj)' or at 'C:\Users\white\GitHub\SAMP_AC_v2\Release\libmt.pdb'; linking object as if no debug info
libcurl.lib(a_utf8.obj) : warning LNK4099: PDB 'libmt.pdb' was not found with 'libcurl.lib(a_utf8.obj)' or at 'C:\Users\white\GitHub\SAMP_AC_v2\Release\libmt.pdb'; linking object as if no debug info
libcurl.lib(a_enum.obj) : warning LNK4099: PDB 'libmt.pdb' was not found with 'libcurl.lib(a_enum.obj)' or at 'C:\Users\white\GitHub\SAMP_AC_v2\Release\libmt.pdb'; linking object as if no debug info
libcurl.lib(a_i2d_fp.obj) : warning LNK4099: PDB 'libmt.pdb' was not found with 'libcurl.lib(a_i2d_fp.obj)' or at 'C:\Users\white\GitHub\SAMP_AC_v2\Release\libmt.pdb'; linking object as if no debug info
libcurl.lib(a_d2i_fp.obj) : warning LNK4099: PDB 'libmt.pdb' was not found with 'libcurl.lib(a_d2i_fp.obj)' or at 'C:\Users\white\GitHub\SAMP_AC_v2\Release\libmt.pdb'; linking object as if no debug info
libcurl.lib(a_dup.obj) : warning LNK4099: PDB 'libmt.pdb' was not found with 'libcurl.lib(a_dup.obj)' or at 'C:\Users\white\GitHub\SAMP_AC_v2\Release\libmt.pdb'; linking object as if no debug info
libcurl.lib(a_set.obj) : warning LNK4099: PDB 'libmt.pdb' was not found with 'libcurl.lib(a_set.obj)' or at 'C:\Users\white\GitHub\SAMP_AC_v2\Release\libmt.pdb'; linking object as if no debug info
libcurl.lib(a_type.obj) : warning LNK4099: PDB 'libmt.pdb' was not found with 'libcurl.lib(a_type.obj)' or at 'C:\Users\white\GitHub\SAMP_AC_v2\Release\libmt.pdb'; linking object as if no debug info
libcurl.lib(a_print.obj) : warning LNK4099: PDB 'libmt.pdb' was not found with 'libcurl.lib(a_print.obj)' or at 'C:\Users\white\GitHub\SAMP_AC_v2\Release\libmt.pdb'; linking object as if no debug info
libcurl.lib(a_octet.obj) : warning LNK4099: PDB 'libmt.pdb' was not found with 'libcurl.lib(a_octet.obj)' or at 'C:\Users\white\GitHub\SAMP_AC_v2\Release\libmt.pdb'; linking object as if no debug info
libcurl.lib(a_int.obj) : warning LNK4099: PDB 'libmt.pdb' was not found with 'libcurl.lib(a_int.obj)' or at 'C:\Users\white\GitHub\SAMP_AC_v2\Release\libmt.pdb'; linking object as if no debug info
libcurl.lib(a_time.obj) : warning LNK4099: PDB 'libmt.pdb' was not found with 'libcurl.lib(a_time.obj)' or at 'C:\Users\white\GitHub\SAMP_AC_v2\Release\libmt.pdb'; linking object as if no debug info
libcurl.lib(a_gentm.obj) : warning LNK4099: PDB 'libmt.pdb' was not found with 'libcurl.lib(a_gentm.obj)' or at 'C:\Users\white\GitHub\SAMP_AC_v2\Release\libmt.pdb'; linking object as if no debug info
libcurl.lib(a_utctm.obj) : warning LNK4099: PDB 'libmt.pdb' was not found with 'libcurl.lib(a_utctm.obj)' or at 'C:\Users\white\GitHub\SAMP_AC_v2\Release\libmt.pdb'; linking object as if no debug info
libcurl.lib(a_bitstr.obj) : warning LNK4099: PDB 'libmt.pdb' was not found with 'libcurl.lib(a_bitstr.obj)' or at 'C:\Users\white\GitHub\SAMP_AC_v2\Release\libmt.pdb'; linking object as if no debug info
libcurl.lib(a_object.obj) : warning LNK4099: PDB 'libmt.pdb' was not found with 'libcurl.lib(a_object.obj)' or at 'C:\Users\white\GitHub\SAMP_AC_v2\Release\libmt.pdb'; linking object as if no debug info
libcurl.lib(e_rc4_hmac_md5.obj) : warning LNK4099: PDB 'libmt.pdb' was not found with 'libcurl.lib(e_rc4_hmac_md5.obj)' or at 'C:\Users\white\GitHub\SAMP_AC_v2\Release\libmt.pdb'; linking object as if no debug info
libcurl.lib(e_aes_cbc_hmac_sha1.obj) : warning LNK4099: PDB 'libmt.pdb' was not found with 'libcurl.lib(e_aes_cbc_hmac_sha1.obj)' or at 'C:\Users\white\GitHub\SAMP_AC_v2\Release\libmt.pdb'; linking object as if no debug info
libcurl.lib(m_sigver.obj) : warning LNK4099: PDB 'libmt.pdb' was not found with 'libcurl.lib(m_sigver.obj)' or at 'C:\Users\white\GitHub\SAMP_AC_v2\Release\libmt.pdb'; linking object as if no debug info
libcurl.lib(pmeth_gn.obj) : warning LNK4099: PDB 'libmt.pdb' was not found with 'libcurl.lib(pmeth_gn.obj)' or at 'C:\Users\white\GitHub\SAMP_AC_v2\Release\libmt.pdb'; linking object as if no debug info
libcurl.lib(pmeth_fn.obj) : warning LNK4099: PDB 'libmt.pdb' was not found with 'libcurl.lib(pmeth_fn.obj)' or at 'C:\Users\white\GitHub\SAMP_AC_v2\Release\libmt.pdb'; linking object as if no debug info
libcurl.lib(pmeth_lib.obj) : warning LNK4099: PDB 'libmt.pdb' was not found with 'libcurl.lib(pmeth_lib.obj)' or at 'C:\Users\white\GitHub\SAMP_AC_v2\Release\libmt.pdb'; linking object as if no debug info
libcurl.lib(p5_crpt2.obj) : warning LNK4099: PDB 'libmt.pdb' was not found with 'libcurl.lib(p5_crpt2.obj)' or at 'C:\Users\white\GitHub\SAMP_AC_v2\Release\libmt.pdb'; linking object as if no debug info
libcurl.lib(p5_crpt.obj) : warning LNK4099: PDB 'libmt.pdb' was not found with 'libcurl.lib(p5_crpt.obj)' or at 'C:\Users\white\GitHub\SAMP_AC_v2\Release\libmt.pdb'; linking object as if no debug info
libcurl.lib(evp_pbe.obj) : warning LNK4099: PDB 'libmt.pdb' was not found with 'libcurl.lib(evp_pbe.obj)' or at 'C:\Users\white\GitHub\SAMP_AC_v2\Release\libmt.pdb'; linking object as if no debug info
libcurl.lib(evp_pkey.obj) : warning LNK4099: PDB 'libmt.pdb' was not found with 'libcurl.lib(evp_pkey.obj)' or at 'C:\Users\white\GitHub\SAMP_AC_v2\Release\libmt.pdb'; linking object as if no debug info
libcurl.lib(evp_lib.obj) : warning LNK4099: PDB 'libmt.pdb' was not found with 'libcurl.lib(evp_lib.obj)' or at 'C:\Users\white\GitHub\SAMP_AC_v2\Release\libmt.pdb'; linking object as if no debug info
libcurl.lib(c_alld.obj) : warning LNK4099: PDB 'libmt.pdb' was not found with 'libcurl.lib(c_alld.obj)' or at 'C:\Users\white\GitHub\SAMP_AC_v2\Release\libmt.pdb'; linking object as if no debug info
libcurl.lib(c_allc.obj) : warning LNK4099: PDB 'libmt.pdb' was not found with 'libcurl.lib(c_allc.obj)' or at 'C:\Users\white\GitHub\SAMP_AC_v2\Release\libmt.pdb'; linking object as if no debug info
libcurl.lib(c_all.obj) : warning LNK4099: PDB 'libmt.pdb' was not found with 'libcurl.lib(c_all.obj)' or at 'C:\Users\white\GitHub\SAMP_AC_v2\Release\libmt.pdb'; linking object as if no debug info
libcurl.lib(e_null.obj) : warning LNK4099: PDB 'libmt.pdb' was not found with 'libcurl.lib(e_null.obj)' or at 'C:\Users\white\GitHub\SAMP_AC_v2\Release\libmt.pdb'; linking object as if no debug info
libcurl.lib(evp_err.obj) : warning LNK4099: PDB 'libmt.pdb' was not found with 'libcurl.lib(evp_err.obj)' or at 'C:\Users\white\GitHub\SAMP_AC_v2\Release\libmt.pdb'; linking object as if no debug info
libcurl.lib(bio_enc.obj) : warning LNK4099: PDB 'libmt.pdb' was not found with 'libcurl.lib(bio_enc.obj)' or at 'C:\Users\white\GitHub\SAMP_AC_v2\Release\libmt.pdb'; linking object as if no debug info
libcurl.lib(bio_b64.obj) : warning LNK4099: PDB 'libmt.pdb' was not found with 'libcurl.lib(bio_b64.obj)' or at 'C:\Users\white\GitHub\SAMP_AC_v2\Release\libmt.pdb'; linking object as if no debug info
libcurl.lib(bio_md.obj) : warning LNK4099: PDB 'libmt.pdb' was not found with 'libcurl.lib(bio_md.obj)' or at 'C:\Users\white\GitHub\SAMP_AC_v2\Release\libmt.pdb'; linking object as if no debug info
libcurl.lib(p_lib.obj) : warning LNK4099: PDB 'libmt.pdb' was not found with 'libcurl.lib(p_lib.obj)' or at 'C:\Users\white\GitHub\SAMP_AC_v2\Release\libmt.pdb'; linking object as if no debug info
libcurl.lib(p_verify.obj) : warning LNK4099: PDB 'libmt.pdb' was not found with 'libcurl.lib(p_verify.obj)' or at 'C:\Users\white\GitHub\SAMP_AC_v2\Release\libmt.pdb'; linking object as if no debug info
libcurl.lib(p_sign.obj) : warning LNK4099: PDB 'libmt.pdb' was not found with 'libcurl.lib(p_sign.obj)' or at 'C:\Users\white\GitHub\SAMP_AC_v2\Release\libmt.pdb'; linking object as if no debug info
libcurl.lib(m_ecdsa.obj) : warning LNK4099: PDB 'libmt.pdb' was not found with 'libcurl.lib(m_ecdsa.obj)' or at 'C:\Users\white\GitHub\SAMP_AC_v2\Release\libmt.pdb'; linking object as if no debug info
libcurl.lib(m_ripemd.obj) : warning LNK4099: PDB 'libmt.pdb' was not found with 'libcurl.lib(m_ripemd.obj)' or at 'C:\Users\white\GitHub\SAMP_AC_v2\Release\libmt.pdb'; linking object as if no debug info
libcurl.lib(m_mdc2.obj) : warning LNK4099: PDB 'libmt.pdb' was not found with 'libcurl.lib(m_mdc2.obj)' or at 'C:\Users\white\GitHub\SAMP_AC_v2\Release\libmt.pdb'; linking object as if no debug info
libcurl.lib(m_dss1.obj) : warning LNK4099: PDB 'libmt.pdb' was not found with 'libcurl.lib(m_dss1.obj)' or at 'C:\Users\white\GitHub\SAMP_AC_v2\Release\libmt.pdb'; linking object as if no debug info
libcurl.lib(m_dss.obj) : warning LNK4099: PDB 'libmt.pdb' was not found with 'libcurl.lib(m_dss.obj)' or at 'C:\Users\white\GitHub\SAMP_AC_v2\Release\libmt.pdb'; linking object as if no debug info
libcurl.lib(m_wp.obj) : warning LNK4099: PDB 'libmt.pdb' was not found with 'libcurl.lib(m_wp.obj)' or at 'C:\Users\white\GitHub\SAMP_AC_v2\Release\libmt.pdb'; linking object as if no debug info
libcurl.lib(m_sha1.obj) : warning LNK4099: PDB 'libmt.pdb' was not found with 'libcurl.lib(m_sha1.obj)' or at 'C:\Users\white\GitHub\SAMP_AC_v2\Release\libmt.pdb'; linking object as if no debug info
libcurl.lib(m_sha.obj) : warning LNK4099: PDB 'libmt.pdb' was not found with 'libcurl.lib(m_sha.obj)' or at 'C:\Users\white\GitHub\SAMP_AC_v2\Release\libmt.pdb'; linking object as if no debug info
libcurl.lib(m_md5.obj) : warning LNK4099: PDB 'libmt.pdb' was not found with 'libcurl.lib(m_md5.obj)' or at 'C:\Users\white\GitHub\SAMP_AC_v2\Release\libmt.pdb'; linking object as if no debug info
libcurl.lib(m_md4.obj) : warning LNK4099: PDB 'libmt.pdb' was not found with 'libcurl.lib(m_md4.obj)' or at 'C:\Users\white\GitHub\SAMP_AC_v2\Release\libmt.pdb'; linking object as if no debug info
libcurl.lib(e_cast.obj) : warning LNK4099: PDB 'libmt.pdb' was not found with 'libcurl.lib(e_cast.obj)' or at 'C:\Users\white\GitHub\SAMP_AC_v2\Release\libmt.pdb'; linking object as if no debug info
libcurl.lib(e_rc2.obj) : warning LNK4099: PDB 'libmt.pdb' was not found with 'libcurl.lib(e_rc2.obj)' or at 'C:\Users\white\GitHub\SAMP_AC_v2\Release\libmt.pdb'; linking object as if no debug info
libcurl.lib(e_xcbc_d.obj) : warning LNK4099: PDB 'libmt.pdb' was not found with 'libcurl.lib(e_xcbc_d.obj)' or at 'C:\Users\white\GitHub\SAMP_AC_v2\Release\libmt.pdb'; linking object as if no debug info
libcurl.lib(e_seed.obj) : warning LNK4099: PDB 'libmt.pdb' was not found with 'libcurl.lib(e_seed.obj)' or at 'C:\Users\white\GitHub\SAMP_AC_v2\Release\libmt.pdb'; linking object as if no debug info
libcurl.lib(names.obj) : warning LNK4099: PDB 'libmt.pdb' was not found with 'libcurl.lib(names.obj)' or at 'C:\Users\white\GitHub\SAMP_AC_v2\Release\libmt.pdb'; linking object as if no debug info
libcurl.lib(e_aes.obj) : warning LNK4099: PDB 'libmt.pdb' was not found with 'libcurl.lib(e_aes.obj)' or at 'C:\Users\white\GitHub\SAMP_AC_v2\Release\libmt.pdb'; linking object as if no debug info
libcurl.lib(e_rc4.obj) : warning LNK4099: PDB 'libmt.pdb' was not found with 'libcurl.lib(e_rc4.obj)' or at 'C:\Users\white\GitHub\SAMP_AC_v2\Release\libmt.pdb'; linking object as if no debug info
libcurl.lib(e_camellia.obj) : warning LNK4099: PDB 'libmt.pdb' was not found with 'libcurl.lib(e_camellia.obj)' or at 'C:\Users\white\GitHub\SAMP_AC_v2\Release\libmt.pdb'; linking object as if no debug info
libcurl.lib(e_des3.obj) : warning LNK4099: PDB 'libmt.pdb' was not found with 'libcurl.lib(e_des3.obj)' or at 'C:\Users\white\GitHub\SAMP_AC_v2\Release\libmt.pdb'; linking object as if no debug info
libcurl.lib(e_idea.obj) : warning LNK4099: PDB 'libmt.pdb' was not found with 'libcurl.lib(e_idea.obj)' or at 'C:\Users\white\GitHub\SAMP_AC_v2\Release\libmt.pdb'; linking object as if no debug info
libcurl.lib(e_bf.obj) : warning LNK4099: PDB 'libmt.pdb' was not found with 'libcurl.lib(e_bf.obj)' or at 'C:\Users\white\GitHub\SAMP_AC_v2\Release\libmt.pdb'; linking object as if no debug info
libcurl.lib(e_des.obj) : warning LNK4099: PDB 'libmt.pdb' was not found with 'libcurl.lib(e_des.obj)' or at 'C:\Users\white\GitHub\SAMP_AC_v2\Release\libmt.pdb'; linking object as if no debug info
libcurl.lib(evp_cnf.obj) : warning LNK4099: PDB 'libmt.pdb' was not found with 'libcurl.lib(evp_cnf.obj)' or at 'C:\Users\white\GitHub\SAMP_AC_v2\Release\libmt.pdb'; linking object as if no debug info
libcurl.lib(evp_key.obj) : warning LNK4099: PDB 'libmt.pdb' was not found with 'libcurl.lib(evp_key.obj)' or at 'C:\Users\white\GitHub\SAMP_AC_v2\Release\libmt.pdb'; linking object as if no debug info
libcurl.lib(evp_enc.obj) : warning LNK4099: PDB 'libmt.pdb' was not found with 'libcurl.lib(evp_enc.obj)' or at 'C:\Users\white\GitHub\SAMP_AC_v2\Release\libmt.pdb'; linking object as if no debug info
libcurl.lib(digest.obj) : warning LNK4099: PDB 'libmt.pdb' was not found with 'libcurl.lib(digest.obj)' or at 'C:\Users\white\GitHub\SAMP_AC_v2\Release\libmt.pdb'; linking object as if no debug info
libcurl.lib(encode.obj) : warning LNK4099: PDB 'libmt.pdb' was not found with 'libcurl.lib(encode.obj)' or at 'C:\Users\white\GitHub\SAMP_AC_v2\Release\libmt.pdb'; linking object as if no debug info
libcurl.lib(obj_xref.obj) : warning LNK4099: PDB 'libmt.pdb' was not found with 'libcurl.lib(obj_xref.obj)' or at 'C:\Users\white\GitHub\SAMP_AC_v2\Release\libmt.pdb'; linking object as if no debug info
libcurl.lib(obj_err.obj) : warning LNK4099: PDB 'libmt.pdb' was not found with 'libcurl.lib(obj_err.obj)' or at 'C:\Users\white\GitHub\SAMP_AC_v2\Release\libmt.pdb'; linking object as if no debug info
libcurl.lib(obj_lib.obj) : warning LNK4099: PDB 'libmt.pdb' was not found with 'libcurl.lib(obj_lib.obj)' or at 'C:\Users\white\GitHub\SAMP_AC_v2\Release\libmt.pdb'; linking object as if no debug info
libcurl.lib(obj_dat.obj) : warning LNK4099: PDB 'libmt.pdb' was not found with 'libcurl.lib(obj_dat.obj)' or at 'C:\Users\white\GitHub\SAMP_AC_v2\Release\libmt.pdb'; linking object as if no debug info
libcurl.lib(o_names.obj) : warning LNK4099: PDB 'libmt.pdb' was not found with 'libcurl.lib(o_names.obj)' or at 'C:\Users\white\GitHub\SAMP_AC_v2\Release\libmt.pdb'; linking object as if no debug info
libcurl.lib(err_prn.obj) : warning LNK4099: PDB 'libmt.pdb' was not found with 'libcurl.lib(err_prn.obj)' or at 'C:\Users\white\GitHub\SAMP_AC_v2\Release\libmt.pdb'; linking object as if no debug info
libcurl.lib(err_all.obj) : warning LNK4099: PDB 'libmt.pdb' was not found with 'libcurl.lib(err_all.obj)' or at 'C:\Users\white\GitHub\SAMP_AC_v2\Release\libmt.pdb'; linking object as if no debug info
libcurl.lib(err.obj) : warning LNK4099: PDB 'libmt.pdb' was not found with 'libcurl.lib(err.obj)' or at 'C:\Users\white\GitHub\SAMP_AC_v2\Release\libmt.pdb'; linking object as if no debug info
libcurl.lib(rand_win.obj) : warning LNK4099: PDB 'libmt.pdb' was not found with 'libcurl.lib(rand_win.obj)' or at 'C:\Users\white\GitHub\SAMP_AC_v2\Release\libmt.pdb'; linking object as if no debug info
libcurl.lib(rand_err.obj) : warning LNK4099: PDB 'libmt.pdb' was not found with 'libcurl.lib(rand_err.obj)' or at 'C:\Users\white\GitHub\SAMP_AC_v2\Release\libmt.pdb'; linking object as if no debug info
libcurl.lib(rand_lib.obj) : warning LNK4099: PDB 'libmt.pdb' was not found with 'libcurl.lib(rand_lib.obj)' or at 'C:\Users\white\GitHub\SAMP_AC_v2\Release\libmt.pdb'; linking object as if no debug info
libcurl.lib(randfile.obj) : warning LNK4099: PDB 'libmt.pdb' was not found with 'libcurl.lib(randfile.obj)' or at 'C:\Users\white\GitHub\SAMP_AC_v2\Release\libmt.pdb'; linking object as if no debug info
libcurl.lib(md_rand.obj) : warning LNK4099: PDB 'libmt.pdb' was not found with 'libcurl.lib(md_rand.obj)' or at 'C:\Users\white\GitHub\SAMP_AC_v2\Release\libmt.pdb'; linking object as if no debug info
libcurl.lib(lhash.obj) : warning LNK4099: PDB 'libmt.pdb' was not found with 'libcurl.lib(lhash.obj)' or at 'C:\Users\white\GitHub\SAMP_AC_v2\Release\libmt.pdb'; linking object as if no debug info
libcurl.lib(stack.obj) : warning LNK4099: PDB 'libmt.pdb' was not found with 'libcurl.lib(stack.obj)' or at 'C:\Users\white\GitHub\SAMP_AC_v2\Release\libmt.pdb'; linking object as if no debug info
libcurl.lib(b_dump.obj) : warning LNK4099: PDB 'libmt.pdb' was not found with 'libcurl.lib(b_dump.obj)' or at 'C:\Users\white\GitHub\SAMP_AC_v2\Release\libmt.pdb'; linking object as if no debug info
libcurl.lib(b_print.obj) : warning LNK4099: PDB 'libmt.pdb' was not found with 'libcurl.lib(b_print.obj)' or at 'C:\Users\white\GitHub\SAMP_AC_v2\Release\libmt.pdb'; linking object as if no debug info
libcurl.lib(bf_buff.obj) : warning LNK4099: PDB 'libmt.pdb' was not found with 'libcurl.lib(bf_buff.obj)' or at 'C:\Users\white\GitHub\SAMP_AC_v2\Release\libmt.pdb'; linking object as if no debug info
libcurl.lib(bss_sock.obj) : warning LNK4099: PDB 'libmt.pdb' was not found with 'libcurl.lib(bss_sock.obj)' or at 'C:\Users\white\GitHub\SAMP_AC_v2\Release\libmt.pdb'; linking object as if no debug info
libcurl.lib(bss_file.obj) : warning LNK4099: PDB 'libmt.pdb' was not found with 'libcurl.lib(bss_file.obj)' or at 'C:\Users\white\GitHub\SAMP_AC_v2\Release\libmt.pdb'; linking object as if no debug info
libcurl.lib(bss_null.obj) : warning LNK4099: PDB 'libmt.pdb' was not found with 'libcurl.lib(bss_null.obj)' or at 'C:\Users\white\GitHub\SAMP_AC_v2\Release\libmt.pdb'; linking object as if no debug info
libcurl.lib(bss_mem.obj) : warning LNK4099: PDB 'libmt.pdb' was not found with 'libcurl.lib(bss_mem.obj)' or at 'C:\Users\white\GitHub\SAMP_AC_v2\Release\libmt.pdb'; linking object as if no debug info
libcurl.lib(bio_err.obj) : warning LNK4099: PDB 'libmt.pdb' was not found with 'libcurl.lib(bio_err.obj)' or at 'C:\Users\white\GitHub\SAMP_AC_v2\Release\libmt.pdb'; linking object as if no debug info
libcurl.lib(bio_lib.obj) : warning LNK4099: PDB 'libmt.pdb' was not found with 'libcurl.lib(bio_lib.obj)' or at 'C:\Users\white\GitHub\SAMP_AC_v2\Release\libmt.pdb'; linking object as if no debug info
libcurl.lib(buf_err.obj) : warning LNK4099: PDB 'libmt.pdb' was not found with 'libcurl.lib(buf_err.obj)' or at 'C:\Users\white\GitHub\SAMP_AC_v2\Release\libmt.pdb'; linking object as if no debug info
libcurl.lib(buf_str.obj) : warning LNK4099: PDB 'libmt.pdb' was not found with 'libcurl.lib(buf_str.obj)' or at 'C:\Users\white\GitHub\SAMP_AC_v2\Release\libmt.pdb'; linking object as if no debug info
libcurl.lib(buffer.obj) : warning LNK4099: PDB 'libmt.pdb' was not found with 'libcurl.lib(buffer.obj)' or at 'C:\Users\white\GitHub\SAMP_AC_v2\Release\libmt.pdb'; linking object as if no debug info
libcurl.lib(ecs_err.obj) : warning LNK4099: PDB 'libmt.pdb' was not found with 'libcurl.lib(ecs_err.obj)' or at 'C:\Users\white\GitHub\SAMP_AC_v2\Release\libmt.pdb'; linking object as if no debug info
libcurl.lib(ecs_vrf.obj) : warning LNK4099: PDB 'libmt.pdb' was not found with 'libcurl.lib(ecs_vrf.obj)' or at 'C:\Users\white\GitHub\SAMP_AC_v2\Release\libmt.pdb'; linking object as if no debug info
libcurl.lib(ecs_sign.obj) : warning LNK4099: PDB 'libmt.pdb' was not found with 'libcurl.lib(ecs_sign.obj)' or at 'C:\Users\white\GitHub\SAMP_AC_v2\Release\libmt.pdb'; linking object as if no debug info
libcurl.lib(ecs_ossl.obj) : warning LNK4099: PDB 'libmt.pdb' was not found with 'libcurl.lib(ecs_ossl.obj)' or at 'C:\Users\white\GitHub\SAMP_AC_v2\Release\libmt.pdb'; linking object as if no debug info
libcurl.lib(ecs_asn1.obj) : warning LNK4099: PDB 'libmt.pdb' was not found with 'libcurl.lib(ecs_asn1.obj)' or at 'C:\Users\white\GitHub\SAMP_AC_v2\Release\libmt.pdb'; linking object as if no debug info
libcurl.lib(ecs_lib.obj) : warning LNK4099: PDB 'libmt.pdb' was not found with 'libcurl.lib(ecs_lib.obj)' or at 'C:\Users\white\GitHub\SAMP_AC_v2\Release\libmt.pdb'; linking object as if no debug info
libcurl.lib(ech_err.obj) : warning LNK4099: PDB 'libmt.pdb' was not found with 'libcurl.lib(ech_err.obj)' or at 'C:\Users\white\GitHub\SAMP_AC_v2\Release\libmt.pdb'; linking object as if no debug info
libcurl.lib(ech_key.obj) : warning LNK4099: PDB 'libmt.pdb' was not found with 'libcurl.lib(ech_key.obj)' or at 'C:\Users\white\GitHub\SAMP_AC_v2\Release\libmt.pdb'; linking object as if no debug info
libcurl.lib(ech_ossl.obj) : warning LNK4099: PDB 'libmt.pdb' was not found with 'libcurl.lib(ech_ossl.obj)' or at 'C:\Users\white\GitHub\SAMP_AC_v2\Release\libmt.pdb'; linking object as if no debug info
libcurl.lib(ech_lib.obj) : warning LNK4099: PDB 'libmt.pdb' was not found with 'libcurl.lib(ech_lib.obj)' or at 'C:\Users\white\GitHub\SAMP_AC_v2\Release\libmt.pdb'; linking object as if no debug info
libcurl.lib(ec_oct.obj) : warning LNK4099: PDB 'libmt.pdb' was not found with 'libcurl.lib(ec_oct.obj)' or at 'C:\Users\white\GitHub\SAMP_AC_v2\Release\libmt.pdb'; linking object as if no debug info
libcurl.lib(ec2_oct.obj) : warning LNK4099: PDB 'libmt.pdb' was not found with 'libcurl.lib(ec2_oct.obj)' or at 'C:\Users\white\GitHub\SAMP_AC_v2\Release\libmt.pdb'; linking object as if no debug info
libcurl.lib(ecp_oct.obj) : warning LNK4099: PDB 'libmt.pdb' was not found with 'libcurl.lib(ecp_oct.obj)' or at 'C:\Users\white\GitHub\SAMP_AC_v2\Release\libmt.pdb'; linking object as if no debug info
libcurl.lib(eck_prn.obj) : warning LNK4099: PDB 'libmt.pdb' was not found with 'libcurl.lib(eck_prn.obj)' or at 'C:\Users\white\GitHub\SAMP_AC_v2\Release\libmt.pdb'; linking object as if no debug info
libcurl.lib(ec_pmeth.obj) : warning LNK4099: PDB 'libmt.pdb' was not found with 'libcurl.lib(ec_pmeth.obj)' or at 'C:\Users\white\GitHub\SAMP_AC_v2\Release\libmt.pdb'; linking object as if no debug info
libcurl.lib(ec_ameth.obj) : warning LNK4099: PDB 'libmt.pdb' was not found with 'libcurl.lib(ec_ameth.obj)' or at 'C:\Users\white\GitHub\SAMP_AC_v2\Release\libmt.pdb'; linking object as if no debug info
libcurl.lib(ec2_mult.obj) : warning LNK4099: PDB 'libmt.pdb' was not found with 'libcurl.lib(ec2_mult.obj)' or at 'C:\Users\white\GitHub\SAMP_AC_v2\Release\libmt.pdb'; linking object as if no debug info
libcurl.lib(ec2_smpl.obj) : warning LNK4099: PDB 'libmt.pdb' was not found with 'libcurl.lib(ec2_smpl.obj)' or at 'C:\Users\white\GitHub\SAMP_AC_v2\Release\libmt.pdb'; linking object as if no debug info
libcurl.lib(ec_key.obj) : warning LNK4099: PDB 'libmt.pdb' was not found with 'libcurl.lib(ec_key.obj)' or at 'C:\Users\white\GitHub\SAMP_AC_v2\Release\libmt.pdb'; linking object as if no debug info
libcurl.lib(ec_asn1.obj) : warning LNK4099: PDB 'libmt.pdb' was not found with 'libcurl.lib(ec_asn1.obj)' or at 'C:\Users\white\GitHub\SAMP_AC_v2\Release\libmt.pdb'; linking object as if no debug info
libcurl.lib(ec_print.obj) : warning LNK4099: PDB 'libmt.pdb' was not found with 'libcurl.lib(ec_print.obj)' or at 'C:\Users\white\GitHub\SAMP_AC_v2\Release\libmt.pdb'; linking object as if no debug info
libcurl.lib(ec_curve.obj) : warning LNK4099: PDB 'libmt.pdb' was not found with 'libcurl.lib(ec_curve.obj)' or at 'C:\Users\white\GitHub\SAMP_AC_v2\Release\libmt.pdb'; linking object as if no debug info
libcurl.lib(ec_err.obj) : warning LNK4099: PDB 'libmt.pdb' was not found with 'libcurl.lib(ec_err.obj)' or at 'C:\Users\white\GitHub\SAMP_AC_v2\Release\libmt.pdb'; linking object as if no debug info
libcurl.lib(ec_mult.obj) : warning LNK4099: PDB 'libmt.pdb' was not found with 'libcurl.lib(ec_mult.obj)' or at 'C:\Users\white\GitHub\SAMP_AC_v2\Release\libmt.pdb'; linking object as if no debug info
libcurl.lib(ec_cvt.obj) : warning LNK4099: PDB 'libmt.pdb' was not found with 'libcurl.lib(ec_cvt.obj)' or at 'C:\Users\white\GitHub\SAMP_AC_v2\Release\libmt.pdb'; linking object as if no debug info
libcurl.lib(ecp_nist.obj) : warning LNK4099: PDB 'libmt.pdb' was not found with 'libcurl.lib(ecp_nist.obj)' or at 'C:\Users\white\GitHub\SAMP_AC_v2\Release\libmt.pdb'; linking object as if no debug info
libcurl.lib(ecp_mont.obj) : warning LNK4099: PDB 'libmt.pdb' was not found with 'libcurl.lib(ecp_mont.obj)' or at 'C:\Users\white\GitHub\SAMP_AC_v2\Release\libmt.pdb'; linking object as if no debug info
libcurl.lib(ecp_smpl.obj) : warning LNK4099: PDB 'libmt.pdb' was not found with 'libcurl.lib(ecp_smpl.obj)' or at 'C:\Users\white\GitHub\SAMP_AC_v2\Release\libmt.pdb'; linking object as if no debug info
libcurl.lib(ec_lib.obj) : warning LNK4099: PDB 'libmt.pdb' was not found with 'libcurl.lib(ec_lib.obj)' or at 'C:\Users\white\GitHub\SAMP_AC_v2\Release\libmt.pdb'; linking object as if no debug info
libcurl.lib(dh_pmeth.obj) : warning LNK4099: PDB 'libmt.pdb' was not found with 'libcurl.lib(dh_pmeth.obj)' or at 'C:\Users\white\GitHub\SAMP_AC_v2\Release\libmt.pdb'; linking object as if no debug info
libcurl.lib(dh_ameth.obj) : warning LNK4099: PDB 'libmt.pdb' was not found with 'libcurl.lib(dh_ameth.obj)' or at 'C:\Users\white\GitHub\SAMP_AC_v2\Release\libmt.pdb'; linking object as if no debug info
libcurl.lib(dh_err.obj) : warning LNK4099: PDB 'libmt.pdb' was not found with 'libcurl.lib(dh_err.obj)' or at 'C:\Users\white\GitHub\SAMP_AC_v2\Release\libmt.pdb'; linking object as if no debug info
libcurl.lib(dh_check.obj) : warning LNK4099: PDB 'libmt.pdb' was not found with 'libcurl.lib(dh_check.obj)' or at 'C:\Users\white\GitHub\SAMP_AC_v2\Release\libmt.pdb'; linking object as if no debug info
libcurl.lib(dh_lib.obj) : warning LNK4099: PDB 'libmt.pdb' was not found with 'libcurl.lib(dh_lib.obj)' or at 'C:\Users\white\GitHub\SAMP_AC_v2\Release\libmt.pdb'; linking object as if no debug info
libcurl.lib(dh_key.obj) : warning LNK4099: PDB 'libmt.pdb' was not found with 'libcurl.lib(dh_key.obj)' or at 'C:\Users\white\GitHub\SAMP_AC_v2\Release\libmt.pdb'; linking object as if no debug info
libcurl.lib(dh_gen.obj) : warning LNK4099: PDB 'libmt.pdb' was not found with 'libcurl.lib(dh_gen.obj)' or at 'C:\Users\white\GitHub\SAMP_AC_v2\Release\libmt.pdb'; linking object as if no debug info
libcurl.lib(dh_asn1.obj) : warning LNK4099: PDB 'libmt.pdb' was not found with 'libcurl.lib(dh_asn1.obj)' or at 'C:\Users\white\GitHub\SAMP_AC_v2\Release\libmt.pdb'; linking object as if no debug info
libcurl.lib(dso_win32.obj) : warning LNK4099: PDB 'libmt.pdb' was not found with 'libcurl.lib(dso_win32.obj)' or at 'C:\Users\white\GitHub\SAMP_AC_v2\Release\libmt.pdb'; linking object as if no debug info
libcurl.lib(dso_openssl.obj) : warning LNK4099: PDB 'libmt.pdb' was not found with 'libcurl.lib(dso_openssl.obj)' or at 'C:\Users\white\GitHub\SAMP_AC_v2\Release\libmt.pdb'; linking object as if no debug info
libcurl.lib(dso_lib.obj) : warning LNK4099: PDB 'libmt.pdb' was not found with 'libcurl.lib(dso_lib.obj)' or at 'C:\Users\white\GitHub\SAMP_AC_v2\Release\libmt.pdb'; linking object as if no debug info
libcurl.lib(dso_err.obj) : warning LNK4099: PDB 'libmt.pdb' was not found with 'libcurl.lib(dso_err.obj)' or at 'C:\Users\white\GitHub\SAMP_AC_v2\Release\libmt.pdb'; linking object as if no debug info
libcurl.lib(dsa_pmeth.obj) : warning LNK4099: PDB 'libmt.pdb' was not found with 'libcurl.lib(dsa_pmeth.obj)' or at 'C:\Users\white\GitHub\SAMP_AC_v2\Release\libmt.pdb'; linking object as if no debug info
libcurl.lib(dsa_ameth.obj) : warning LNK4099: PDB 'libmt.pdb' was not found with 'libcurl.lib(dsa_ameth.obj)' or at 'C:\Users\white\GitHub\SAMP_AC_v2\Release\libmt.pdb'; linking object as if no debug info
libcurl.lib(dsa_ossl.obj) : warning LNK4099: PDB 'libmt.pdb' was not found with 'libcurl.lib(dsa_ossl.obj)' or at 'C:\Users\white\GitHub\SAMP_AC_v2\Release\libmt.pdb'; linking object as if no debug info
libcurl.lib(dsa_err.obj) : warning LNK4099: PDB 'libmt.pdb' was not found with 'libcurl.lib(dsa_err.obj)' or at 'C:\Users\white\GitHub\SAMP_AC_v2\Release\libmt.pdb'; linking object as if no debug info
libcurl.lib(dsa_sign.obj) : warning LNK4099: PDB 'libmt.pdb' was not found with 'libcurl.lib(dsa_sign.obj)' or at 'C:\Users\white\GitHub\SAMP_AC_v2\Release\libmt.pdb'; linking object as if no debug info
libcurl.lib(dsa_vrf.obj) : warning LNK4099: PDB 'libmt.pdb' was not found with 'libcurl.lib(dsa_vrf.obj)' or at 'C:\Users\white\GitHub\SAMP_AC_v2\Release\libmt.pdb'; linking object as if no debug info
libcurl.lib(dsa_asn1.obj) : warning LNK4099: PDB 'libmt.pdb' was not found with 'libcurl.lib(dsa_asn1.obj)' or at 'C:\Users\white\GitHub\SAMP_AC_v2\Release\libmt.pdb'; linking object as if no debug info
libcurl.lib(dsa_lib.obj) : warning LNK4099: PDB 'libmt.pdb' was not found with 'libcurl.lib(dsa_lib.obj)' or at 'C:\Users\white\GitHub\SAMP_AC_v2\Release\libmt.pdb'; linking object as if no debug info
libcurl.lib(dsa_key.obj) : warning LNK4099: PDB 'libmt.pdb' was not found with 'libcurl.lib(dsa_key.obj)' or at 'C:\Users\white\GitHub\SAMP_AC_v2\Release\libmt.pdb'; linking object as if no debug info
libcurl.lib(dsa_gen.obj) : warning LNK4099: PDB 'libmt.pdb' was not found with 'libcurl.lib(dsa_gen.obj)' or at 'C:\Users\white\GitHub\SAMP_AC_v2\Release\libmt.pdb'; linking object as if no debug info
libcurl.lib(rsa_crpt.obj) : warning LNK4099: PDB 'libmt.pdb' was not found with 'libcurl.lib(rsa_crpt.obj)' or at 'C:\Users\white\GitHub\SAMP_AC_v2\Release\libmt.pdb'; linking object as if no debug info
libcurl.lib(rsa_pmeth.obj) : warning LNK4099: PDB 'libmt.pdb' was not found with 'libcurl.lib(rsa_pmeth.obj)' or at 'C:\Users\white\GitHub\SAMP_AC_v2\Release\libmt.pdb'; linking object as if no debug info
libcurl.lib(rsa_ameth.obj) : warning LNK4099: PDB 'libmt.pdb' was not found with 'libcurl.lib(rsa_ameth.obj)' or at 'C:\Users\white\GitHub\SAMP_AC_v2\Release\libmt.pdb'; linking object as if no debug info
libcurl.lib(rsa_asn1.obj) : warning LNK4099: PDB 'libmt.pdb' was not found with 'libcurl.lib(rsa_asn1.obj)' or at 'C:\Users\white\GitHub\SAMP_AC_v2\Release\libmt.pdb'; linking object as if no debug info
libcurl.lib(rsa_x931.obj) : warning LNK4099: PDB 'libmt.pdb' was not found with 'libcurl.lib(rsa_x931.obj)' or at 'C:\Users\white\GitHub\SAMP_AC_v2\Release\libmt.pdb'; linking object as if no debug info
libcurl.lib(rsa_pss.obj) : warning LNK4099: PDB 'libmt.pdb' was not found with 'libcurl.lib(rsa_pss.obj)' or at 'C:\Users\white\GitHub\SAMP_AC_v2\Release\libmt.pdb'; linking object as if no debug info
libcurl.lib(rsa_oaep.obj) : warning LNK4099: PDB 'libmt.pdb' was not found with 'libcurl.lib(rsa_oaep.obj)' or at 'C:\Users\white\GitHub\SAMP_AC_v2\Release\libmt.pdb'; linking object as if no debug info
libcurl.lib(rsa_none.obj) : warning LNK4099: PDB 'libmt.pdb' was not found with 'libcurl.lib(rsa_none.obj)' or at 'C:\Users\white\GitHub\SAMP_AC_v2\Release\libmt.pdb'; linking object as if no debug info
libcurl.lib(rsa_ssl.obj) : warning LNK4099: PDB 'libmt.pdb' was not found with 'libcurl.lib(rsa_ssl.obj)' or at 'C:\Users\white\GitHub\SAMP_AC_v2\Release\libmt.pdb'; linking object as if no debug info
libcurl.lib(rsa_pk1.obj) : warning LNK4099: PDB 'libmt.pdb' was not found with 'libcurl.lib(rsa_pk1.obj)' or at 'C:\Users\white\GitHub\SAMP_AC_v2\Release\libmt.pdb'; linking object as if no debug info
libcurl.lib(rsa_err.obj) : warning LNK4099: PDB 'libmt.pdb' was not found with 'libcurl.lib(rsa_err.obj)' or at 'C:\Users\white\GitHub\SAMP_AC_v2\Release\libmt.pdb'; linking object as if no debug info
libcurl.lib(rsa_saos.obj) : warning LNK4099: PDB 'libmt.pdb' was not found with 'libcurl.lib(rsa_saos.obj)' or at 'C:\Users\white\GitHub\SAMP_AC_v2\Release\libmt.pdb'; linking object as if no debug info
libcurl.lib(rsa_sign.obj) : warning LNK4099: PDB 'libmt.pdb' was not found with 'libcurl.lib(rsa_sign.obj)' or at 'C:\Users\white\GitHub\SAMP_AC_v2\Release\libmt.pdb'; linking object as if no debug info
libcurl.lib(rsa_lib.obj) : warning LNK4099: PDB 'libmt.pdb' was not found with 'libcurl.lib(rsa_lib.obj)' or at 'C:\Users\white\GitHub\SAMP_AC_v2\Release\libmt.pdb'; linking object as if no debug info
libcurl.lib(rsa_gen.obj) : warning LNK4099: PDB 'libmt.pdb' was not found with 'libcurl.lib(rsa_gen.obj)' or at 'C:\Users\white\GitHub\SAMP_AC_v2\Release\libmt.pdb'; linking object as if no debug info
libcurl.lib(rsa_eay.obj) : warning LNK4099: PDB 'libmt.pdb' was not found with 'libcurl.lib(rsa_eay.obj)' or at 'C:\Users\white\GitHub\SAMP_AC_v2\Release\libmt.pdb'; linking object as if no debug info
libcurl.lib(bn_nist.obj) : warning LNK4099: PDB 'libmt.pdb' was not found with 'libcurl.lib(bn_nist.obj)' or at 'C:\Users\white\GitHub\SAMP_AC_v2\Release\libmt.pdb'; linking object as if no debug info
libcurl.lib(bn_gf2m.obj) : warning LNK4099: PDB 'libmt.pdb' was not found with 'libcurl.lib(bn_gf2m.obj)' or at 'C:\Users\white\GitHub\SAMP_AC_v2\Release\libmt.pdb'; linking object as if no debug info
libcurl.lib(bn_exp2.obj) : warning LNK4099: PDB 'libmt.pdb' was not found with 'libcurl.lib(bn_exp2.obj)' or at 'C:\Users\white\GitHub\SAMP_AC_v2\Release\libmt.pdb'; linking object as if no debug info
libcurl.lib(bn_mont.obj) : warning LNK4099: PDB 'libmt.pdb' was not found with 'libcurl.lib(bn_mont.obj)' or at 'C:\Users\white\GitHub\SAMP_AC_v2\Release\libmt.pdb'; linking object as if no debug info
libcurl.lib(bn_recp.obj) : warning LNK4099: PDB 'libmt.pdb' was not found with 'libcurl.lib(bn_recp.obj)' or at 'C:\Users\white\GitHub\SAMP_AC_v2\Release\libmt.pdb'; linking object as if no debug info
libcurl.lib(bn_asm.obj) : warning LNK4099: PDB 'libmt.pdb' was not found with 'libcurl.lib(bn_asm.obj)' or at 'C:\Users\white\GitHub\SAMP_AC_v2\Release\libmt.pdb'; linking object as if no debug info
libcurl.lib(bn_sqr.obj) : warning LNK4099: PDB 'libmt.pdb' was not found with 'libcurl.lib(bn_sqr.obj)' or at 'C:\Users\white\GitHub\SAMP_AC_v2\Release\libmt.pdb'; linking object as if no debug info
libcurl.lib(bn_err.obj) : warning LNK4099: PDB 'libmt.pdb' was not found with 'libcurl.lib(bn_err.obj)' or at 'C:\Users\white\GitHub\SAMP_AC_v2\Release\libmt.pdb'; linking object as if no debug info
libcurl.lib(bn_prime.obj) : warning LNK4099: PDB 'libmt.pdb' was not found with 'libcurl.lib(bn_prime.obj)' or at 'C:\Users\white\GitHub\SAMP_AC_v2\Release\libmt.pdb'; linking object as if no debug info
libcurl.lib(bn_gcd.obj) : warning LNK4099: PDB 'libmt.pdb' was not found with 'libcurl.lib(bn_gcd.obj)' or at 'C:\Users\white\GitHub\SAMP_AC_v2\Release\libmt.pdb'; linking object as if no debug info
libcurl.lib(bn_sqrt.obj) : warning LNK4099: PDB 'libmt.pdb' was not found with 'libcurl.lib(bn_sqrt.obj)' or at 'C:\Users\white\GitHub\SAMP_AC_v2\Release\libmt.pdb'; linking object as if no debug info
libcurl.lib(bn_kron.obj) : warning LNK4099: PDB 'libmt.pdb' was not found with 'libcurl.lib(bn_kron.obj)' or at 'C:\Users\white\GitHub\SAMP_AC_v2\Release\libmt.pdb'; linking object as if no debug info
libcurl.lib(bn_blind.obj) : warning LNK4099: PDB 'libmt.pdb' was not found with 'libcurl.lib(bn_blind.obj)' or at 'C:\Users\white\GitHub\SAMP_AC_v2\Release\libmt.pdb'; linking object as if no debug info
libcurl.lib(bn_word.obj) : warning LNK4099: PDB 'libmt.pdb' was not found with 'libcurl.lib(bn_word.obj)' or at 'C:\Users\white\GitHub\SAMP_AC_v2\Release\libmt.pdb'; linking object as if no debug info
libcurl.lib(bn_shift.obj) : warning LNK4099: PDB 'libmt.pdb' was not found with 'libcurl.lib(bn_shift.obj)' or at 'C:\Users\white\GitHub\SAMP_AC_v2\Release\libmt.pdb'; linking object as if no debug info
libcurl.lib(bn_rand.obj) : warning LNK4099: PDB 'libmt.pdb' was not found with 'libcurl.lib(bn_rand.obj)' or at 'C:\Users\white\GitHub\SAMP_AC_v2\Release\libmt.pdb'; linking object as if no debug info
libcurl.lib(bn_print.obj) : warning LNK4099: PDB 'libmt.pdb' was not found with 'libcurl.lib(bn_print.obj)' or at 'C:\Users\white\GitHub\SAMP_AC_v2\Release\libmt.pdb'; linking object as if no debug info
libcurl.lib(bn_mod.obj) : warning LNK4099: PDB 'libmt.pdb' was not found with 'libcurl.lib(bn_mod.obj)' or at 'C:\Users\white\GitHub\SAMP_AC_v2\Release\libmt.pdb'; linking object as if no debug info
libcurl.lib(bn_mul.obj) : warning LNK4099: PDB 'libmt.pdb' was not found with 'libcurl.lib(bn_mul.obj)' or at 'C:\Users\white\GitHub\SAMP_AC_v2\Release\libmt.pdb'; linking object as if no debug info
libcurl.lib(bn_ctx.obj) : warning LNK4099: PDB 'libmt.pdb' was not found with 'libcurl.lib(bn_ctx.obj)' or at 'C:\Users\white\GitHub\SAMP_AC_v2\Release\libmt.pdb'; linking object as if no debug info
libcurl.lib(bn_lib.obj) : warning LNK4099: PDB 'libmt.pdb' was not found with 'libcurl.lib(bn_lib.obj)' or at 'C:\Users\white\GitHub\SAMP_AC_v2\Release\libmt.pdb'; linking object as if no debug info
libcurl.lib(bn_exp.obj) : warning LNK4099: PDB 'libmt.pdb' was not found with 'libcurl.lib(bn_exp.obj)' or at 'C:\Users\white\GitHub\SAMP_AC_v2\Release\libmt.pdb'; linking object as if no debug info
libcurl.lib(bn_div.obj) : warning LNK4099: PDB 'libmt.pdb' was not found with 'libcurl.lib(bn_div.obj)' or at 'C:\Users\white\GitHub\SAMP_AC_v2\Release\libmt.pdb'; linking object as if no debug info
libcurl.lib(bn_add.obj) : warning LNK4099: PDB 'libmt.pdb' was not found with 'libcurl.lib(bn_add.obj)' or at 'C:\Users\white\GitHub\SAMP_AC_v2\Release\libmt.pdb'; linking object as if no debug info
libcurl.lib(xts128.obj) : warning LNK4099: PDB 'libmt.pdb' was not found with 'libcurl.lib(xts128.obj)' or at 'C:\Users\white\GitHub\SAMP_AC_v2\Release\libmt.pdb'; linking object as if no debug info
libcurl.lib(ccm128.obj) : warning LNK4099: PDB 'libmt.pdb' was not found with 'libcurl.lib(ccm128.obj)' or at 'C:\Users\white\GitHub\SAMP_AC_v2\Release\libmt.pdb'; linking object as if no debug info
libcurl.lib(gcm128.obj) : warning LNK4099: PDB 'libmt.pdb' was not found with 'libcurl.lib(gcm128.obj)' or at 'C:\Users\white\GitHub\SAMP_AC_v2\Release\libmt.pdb'; linking object as if no debug info
libcurl.lib(ofb128.obj) : warning LNK4099: PDB 'libmt.pdb' was not found with 'libcurl.lib(ofb128.obj)' or at 'C:\Users\white\GitHub\SAMP_AC_v2\Release\libmt.pdb'; linking object as if no debug info
libcurl.lib(cfb128.obj) : warning LNK4099: PDB 'libmt.pdb' was not found with 'libcurl.lib(cfb128.obj)' or at 'C:\Users\white\GitHub\SAMP_AC_v2\Release\libmt.pdb'; linking object as if no debug info
libcurl.lib(ctr128.obj) : warning LNK4099: PDB 'libmt.pdb' was not found with 'libcurl.lib(ctr128.obj)' or at 'C:\Users\white\GitHub\SAMP_AC_v2\Release\libmt.pdb'; linking object as if no debug info
libcurl.lib(cbc128.obj) : warning LNK4099: PDB 'libmt.pdb' was not found with 'libcurl.lib(cbc128.obj)' or at 'C:\Users\white\GitHub\SAMP_AC_v2\Release\libmt.pdb'; linking object as if no debug info
libcurl.lib(seed_ofb.obj) : warning LNK4099: PDB 'libmt.pdb' was not found with 'libcurl.lib(seed_ofb.obj)' or at 'C:\Users\white\GitHub\SAMP_AC_v2\Release\libmt.pdb'; linking object as if no debug info
libcurl.lib(seed_cfb.obj) : warning LNK4099: PDB 'libmt.pdb' was not found with 'libcurl.lib(seed_cfb.obj)' or at 'C:\Users\white\GitHub\SAMP_AC_v2\Release\libmt.pdb'; linking object as if no debug info
libcurl.lib(seed_cbc.obj) : warning LNK4099: PDB 'libmt.pdb' was not found with 'libcurl.lib(seed_cbc.obj)' or at 'C:\Users\white\GitHub\SAMP_AC_v2\Release\libmt.pdb'; linking object as if no debug info
libcurl.lib(seed_ecb.obj) : warning LNK4099: PDB 'libmt.pdb' was not found with 'libcurl.lib(seed_ecb.obj)' or at 'C:\Users\white\GitHub\SAMP_AC_v2\Release\libmt.pdb'; linking object as if no debug info
libcurl.lib(seed.obj) : warning LNK4099: PDB 'libmt.pdb' was not found with 'libcurl.lib(seed.obj)' or at 'C:\Users\white\GitHub\SAMP_AC_v2\Release\libmt.pdb'; linking object as if no debug info
libcurl.lib(cmll_cbc.obj) : warning LNK4099: PDB 'libmt.pdb' was not found with 'libcurl.lib(cmll_cbc.obj)' or at 'C:\Users\white\GitHub\SAMP_AC_v2\Release\libmt.pdb'; linking object as if no debug info
libcurl.lib(cmll_misc.obj) : warning LNK4099: PDB 'libmt.pdb' was not found with 'libcurl.lib(cmll_misc.obj)' or at 'C:\Users\white\GitHub\SAMP_AC_v2\Release\libmt.pdb'; linking object as if no debug info
libcurl.lib(camellia.obj) : warning LNK4099: PDB 'libmt.pdb' was not found with 'libcurl.lib(camellia.obj)' or at 'C:\Users\white\GitHub\SAMP_AC_v2\Release\libmt.pdb'; linking object as if no debug info
libcurl.lib(cmll_utl.obj) : warning LNK4099: PDB 'libmt.pdb' was not found with 'libcurl.lib(cmll_utl.obj)' or at 'C:\Users\white\GitHub\SAMP_AC_v2\Release\libmt.pdb'; linking object as if no debug info
libcurl.lib(cmll_cfb.obj) : warning LNK4099: PDB 'libmt.pdb' was not found with 'libcurl.lib(cmll_cfb.obj)' or at 'C:\Users\white\GitHub\SAMP_AC_v2\Release\libmt.pdb'; linking object as if no debug info
libcurl.lib(cmll_ofb.obj) : warning LNK4099: PDB 'libmt.pdb' was not found with 'libcurl.lib(cmll_ofb.obj)' or at 'C:\Users\white\GitHub\SAMP_AC_v2\Release\libmt.pdb'; linking object as if no debug info
libcurl.lib(cmll_ecb.obj) : warning LNK4099: PDB 'libmt.pdb' was not found with 'libcurl.lib(cmll_ecb.obj)' or at 'C:\Users\white\GitHub\SAMP_AC_v2\Release\libmt.pdb'; linking object as if no debug info
libcurl.lib(aes_cbc.obj) : warning LNK4099: PDB 'libmt.pdb' was not found with 'libcurl.lib(aes_cbc.obj)' or at 'C:\Users\white\GitHub\SAMP_AC_v2\Release\libmt.pdb'; linking object as if no debug info
libcurl.lib(aes_core.obj) : warning LNK4099: PDB 'libmt.pdb' was not found with 'libcurl.lib(aes_core.obj)' or at 'C:\Users\white\GitHub\SAMP_AC_v2\Release\libmt.pdb'; linking object as if no debug info
libcurl.lib(aes_wrap.obj) : warning LNK4099: PDB 'libmt.pdb' was not found with 'libcurl.lib(aes_wrap.obj)' or at 'C:\Users\white\GitHub\SAMP_AC_v2\Release\libmt.pdb'; linking object as if no debug info
libcurl.lib(aes_misc.obj) : warning LNK4099: PDB 'libmt.pdb' was not found with 'libcurl.lib(aes_misc.obj)' or at 'C:\Users\white\GitHub\SAMP_AC_v2\Release\libmt.pdb'; linking object as if no debug info
libcurl.lib(c_ofb64.obj) : warning LNK4099: PDB 'libmt.pdb' was not found with 'libcurl.lib(c_ofb64.obj)' or at 'C:\Users\white\GitHub\SAMP_AC_v2\Release\libmt.pdb'; linking object as if no debug info
libcurl.lib(c_cfb64.obj) : warning LNK4099: PDB 'libmt.pdb' was not found with 'libcurl.lib(c_cfb64.obj)' or at 'C:\Users\white\GitHub\SAMP_AC_v2\Release\libmt.pdb'; linking object as if no debug info
libcurl.lib(c_enc.obj) : warning LNK4099: PDB 'libmt.pdb' was not found with 'libcurl.lib(c_enc.obj)' or at 'C:\Users\white\GitHub\SAMP_AC_v2\Release\libmt.pdb'; linking object as if no debug info
libcurl.lib(c_ecb.obj) : warning LNK4099: PDB 'libmt.pdb' was not found with 'libcurl.lib(c_ecb.obj)' or at 'C:\Users\white\GitHub\SAMP_AC_v2\Release\libmt.pdb'; linking object as if no debug info
libcurl.lib(c_skey.obj) : warning LNK4099: PDB 'libmt.pdb' was not found with 'libcurl.lib(c_skey.obj)' or at 'C:\Users\white\GitHub\SAMP_AC_v2\Release\libmt.pdb'; linking object as if no debug info
libcurl.lib(bf_ofb64.obj) : warning LNK4099: PDB 'libmt.pdb' was not found with 'libcurl.lib(bf_ofb64.obj)' or at 'C:\Users\white\GitHub\SAMP_AC_v2\Release\libmt.pdb'; linking object as if no debug info
libcurl.lib(bf_cfb64.obj) : warning LNK4099: PDB 'libmt.pdb' was not found with 'libcurl.lib(bf_cfb64.obj)' or at 'C:\Users\white\GitHub\SAMP_AC_v2\Release\libmt.pdb'; linking object as if no debug info
libcurl.lib(bf_enc.obj) : warning LNK4099: PDB 'libmt.pdb' was not found with 'libcurl.lib(bf_enc.obj)' or at 'C:\Users\white\GitHub\SAMP_AC_v2\Release\libmt.pdb'; linking object as if no debug info
libcurl.lib(bf_ecb.obj) : warning LNK4099: PDB 'libmt.pdb' was not found with 'libcurl.lib(bf_ecb.obj)' or at 'C:\Users\white\GitHub\SAMP_AC_v2\Release\libmt.pdb'; linking object as if no debug info
libcurl.lib(bf_skey.obj) : warning LNK4099: PDB 'libmt.pdb' was not found with 'libcurl.lib(bf_skey.obj)' or at 'C:\Users\white\GitHub\SAMP_AC_v2\Release\libmt.pdb'; linking object as if no debug info
libcurl.lib(i_skey.obj) : warning LNK4099: PDB 'libmt.pdb' was not found with 'libcurl.lib(i_skey.obj)' or at 'C:\Users\white\GitHub\SAMP_AC_v2\Release\libmt.pdb'; linking object as if no debug info
libcurl.lib(i_ecb.obj) : warning LNK4099: PDB 'libmt.pdb' was not found with 'libcurl.lib(i_ecb.obj)' or at 'C:\Users\white\GitHub\SAMP_AC_v2\Release\libmt.pdb'; linking object as if no debug info
libcurl.lib(i_ofb64.obj) : warning LNK4099: PDB 'libmt.pdb' was not found with 'libcurl.lib(i_ofb64.obj)' or at 'C:\Users\white\GitHub\SAMP_AC_v2\Release\libmt.pdb'; linking object as if no debug info
libcurl.lib(i_cfb64.obj) : warning LNK4099: PDB 'libmt.pdb' was not found with 'libcurl.lib(i_cfb64.obj)' or at 'C:\Users\white\GitHub\SAMP_AC_v2\Release\libmt.pdb'; linking object as if no debug info
libcurl.lib(i_cbc.obj) : warning LNK4099: PDB 'libmt.pdb' was not found with 'libcurl.lib(i_cbc.obj)' or at 'C:\Users\white\GitHub\SAMP_AC_v2\Release\libmt.pdb'; linking object as if no debug info
libcurl.lib(rc4_utl.obj) : warning LNK4099: PDB 'libmt.pdb' was not found with 'libcurl.lib(rc4_utl.obj)' or at 'C:\Users\white\GitHub\SAMP_AC_v2\Release\libmt.pdb'; linking object as if no debug info
libcurl.lib(rc4_skey.obj) : warning LNK4099: PDB 'libmt.pdb' was not found with 'libcurl.lib(rc4_skey.obj)' or at 'C:\Users\white\GitHub\SAMP_AC_v2\Release\libmt.pdb'; linking object as if no debug info
libcurl.lib(rc4_enc.obj) : warning LNK4099: PDB 'libmt.pdb' was not found with 'libcurl.lib(rc4_enc.obj)' or at 'C:\Users\white\GitHub\SAMP_AC_v2\Release\libmt.pdb'; linking object as if no debug info
libcurl.lib(rc2ofb64.obj) : warning LNK4099: PDB 'libmt.pdb' was not found with 'libcurl.lib(rc2ofb64.obj)' or at 'C:\Users\white\GitHub\SAMP_AC_v2\Release\libmt.pdb'; linking object as if no debug info
libcurl.lib(rc2cfb64.obj) : warning LNK4099: PDB 'libmt.pdb' was not found with 'libcurl.lib(rc2cfb64.obj)' or at 'C:\Users\white\GitHub\SAMP_AC_v2\Release\libmt.pdb'; linking object as if no debug info
libcurl.lib(rc2_cbc.obj) : warning LNK4099: PDB 'libmt.pdb' was not found with 'libcurl.lib(rc2_cbc.obj)' or at 'C:\Users\white\GitHub\SAMP_AC_v2\Release\libmt.pdb'; linking object as if no debug info
libcurl.lib(rc2_skey.obj) : warning LNK4099: PDB 'libmt.pdb' was not found with 'libcurl.lib(rc2_skey.obj)' or at 'C:\Users\white\GitHub\SAMP_AC_v2\Release\libmt.pdb'; linking object as if no debug info
libcurl.lib(rc2_ecb.obj) : warning LNK4099: PDB 'libmt.pdb' was not found with 'libcurl.lib(rc2_ecb.obj)' or at 'C:\Users\white\GitHub\SAMP_AC_v2\Release\libmt.pdb'; linking object as if no debug info
libcurl.lib(xcbc_enc.obj) : warning LNK4099: PDB 'libmt.pdb' was not found with 'libcurl.lib(xcbc_enc.obj)' or at 'C:\Users\white\GitHub\SAMP_AC_v2\Release\libmt.pdb'; linking object as if no debug info
libcurl.lib(des_enc.obj) : warning LNK4099: PDB 'libmt.pdb' was not found with 'libcurl.lib(des_enc.obj)' or at 'C:\Users\white\GitHub\SAMP_AC_v2\Release\libmt.pdb'; linking object as if no debug info
libcurl.lib(ofb64enc.obj) : warning LNK4099: PDB 'libmt.pdb' was not found with 'libcurl.lib(ofb64enc.obj)' or at 'C:\Users\white\GitHub\SAMP_AC_v2\Release\libmt.pdb'; linking object as if no debug info
libcurl.lib(ofb64ede.obj) : warning LNK4099: PDB 'libmt.pdb' was not found with 'libcurl.lib(ofb64ede.obj)' or at 'C:\Users\white\GitHub\SAMP_AC_v2\Release\libmt.pdb'; linking object as if no debug info
libcurl.lib(cfb_enc.obj) : warning LNK4099: PDB 'libmt.pdb' was not found with 'libcurl.lib(cfb_enc.obj)' or at 'C:\Users\white\GitHub\SAMP_AC_v2\Release\libmt.pdb'; linking object as if no debug info
libcurl.lib(cfb64ede.obj) : warning LNK4099: PDB 'libmt.pdb' was not found with 'libcurl.lib(cfb64ede.obj)' or at 'C:\Users\white\GitHub\SAMP_AC_v2\Release\libmt.pdb'; linking object as if no debug info
libcurl.lib(cfb64enc.obj) : warning LNK4099: PDB 'libmt.pdb' was not found with 'libcurl.lib(cfb64enc.obj)' or at 'C:\Users\white\GitHub\SAMP_AC_v2\Release\libmt.pdb'; linking object as if no debug info
libcurl.lib(ecb3_enc.obj) : warning LNK4099: PDB 'libmt.pdb' was not found with 'libcurl.lib(ecb3_enc.obj)' or at 'C:\Users\white\GitHub\SAMP_AC_v2\Release\libmt.pdb'; linking object as if no debug info
libcurl.lib(ecb_enc.obj) : warning LNK4099: PDB 'libmt.pdb' was not found with 'libcurl.lib(ecb_enc.obj)' or at 'C:\Users\white\GitHub\SAMP_AC_v2\Release\libmt.pdb'; linking object as if no debug info
libcurl.lib(set_key.obj) : warning LNK4099: PDB 'libmt.pdb' was not found with 'libcurl.lib(set_key.obj)' or at 'C:\Users\white\GitHub\SAMP_AC_v2\Release\libmt.pdb'; linking object as if no debug info
libcurl.lib(rmd_dgst.obj) : warning LNK4099: PDB 'libmt.pdb' was not found with 'libcurl.lib(rmd_dgst.obj)' or at 'C:\Users\white\GitHub\SAMP_AC_v2\Release\libmt.pdb'; linking object as if no debug info
libcurl.lib(cm_pmeth.obj) : warning LNK4099: PDB 'libmt.pdb' was not found with 'libcurl.lib(cm_pmeth.obj)' or at 'C:\Users\white\GitHub\SAMP_AC_v2\Release\libmt.pdb'; linking object as if no debug info
libcurl.lib(cm_ameth.obj) : warning LNK4099: PDB 'libmt.pdb' was not found with 'libcurl.lib(cm_ameth.obj)' or at 'C:\Users\white\GitHub\SAMP_AC_v2\Release\libmt.pdb'; linking object as if no debug info
libcurl.lib(cmac.obj) : warning LNK4099: PDB 'libmt.pdb' was not found with 'libcurl.lib(cmac.obj)' or at 'C:\Users\white\GitHub\SAMP_AC_v2\Release\libmt.pdb'; linking object as if no debug info
libcurl.lib(hm_pmeth.obj) : warning LNK4099: PDB 'libmt.pdb' was not found with 'libcurl.lib(hm_pmeth.obj)' or at 'C:\Users\white\GitHub\SAMP_AC_v2\Release\libmt.pdb'; linking object as if no debug info
libcurl.lib(hm_ameth.obj) : warning LNK4099: PDB 'libmt.pdb' was not found with 'libcurl.lib(hm_ameth.obj)' or at 'C:\Users\white\GitHub\SAMP_AC_v2\Release\libmt.pdb'; linking object as if no debug info
libcurl.lib(hmac.obj) : warning LNK4099: PDB 'libmt.pdb' was not found with 'libcurl.lib(hmac.obj)' or at 'C:\Users\white\GitHub\SAMP_AC_v2\Release\libmt.pdb'; linking object as if no debug info
libcurl.lib(mdc2dgst.obj) : warning LNK4099: PDB 'libmt.pdb' was not found with 'libcurl.lib(mdc2dgst.obj)' or at 'C:\Users\white\GitHub\SAMP_AC_v2\Release\libmt.pdb'; linking object as if no debug info
libcurl.lib(sha512.obj) : warning LNK4099: PDB 'libmt.pdb' was not found with 'libcurl.lib(sha512.obj)' or at 'C:\Users\white\GitHub\SAMP_AC_v2\Release\libmt.pdb'; linking object as if no debug info
libcurl.lib(sha256.obj) : warning LNK4099: PDB 'libmt.pdb' was not found with 'libcurl.lib(sha256.obj)' or at 'C:\Users\white\GitHub\SAMP_AC_v2\Release\libmt.pdb'; linking object as if no debug info
libcurl.lib(sha1dgst.obj) : warning LNK4099: PDB 'libmt.pdb' was not found with 'libcurl.lib(sha1dgst.obj)' or at 'C:\Users\white\GitHub\SAMP_AC_v2\Release\libmt.pdb'; linking object as if no debug info
libcurl.lib(sha_dgst.obj) : warning LNK4099: PDB 'libmt.pdb' was not found with 'libcurl.lib(sha_dgst.obj)' or at 'C:\Users\white\GitHub\SAMP_AC_v2\Release\libmt.pdb'; linking object as if no debug info
libcurl.lib(md5_dgst.obj) : warning LNK4099: PDB 'libmt.pdb' was not found with 'libcurl.lib(md5_dgst.obj)' or at 'C:\Users\white\GitHub\SAMP_AC_v2\Release\libmt.pdb'; linking object as if no debug info
libcurl.lib(md4_dgst.obj) : warning LNK4099: PDB 'libmt.pdb' was not found with 'libcurl.lib(md4_dgst.obj)' or at 'C:\Users\white\GitHub\SAMP_AC_v2\Release\libmt.pdb'; linking object as if no debug info
libcurl.lib(mem_clr.obj) : warning LNK4099: PDB 'libmt.pdb' was not found with 'libcurl.lib(mem_clr.obj)' or at 'C:\Users\white\GitHub\SAMP_AC_v2\Release\libmt.pdb'; linking object as if no debug info
libcurl.lib(o_init.obj) : warning LNK4099: PDB 'libmt.pdb' was not found with 'libcurl.lib(o_init.obj)' or at 'C:\Users\white\GitHub\SAMP_AC_v2\Release\libmt.pdb'; linking object as if no debug info
libcurl.lib(o_dir.obj) : warning LNK4099: PDB 'libmt.pdb' was not found with 'libcurl.lib(o_dir.obj)' or at 'C:\Users\white\GitHub\SAMP_AC_v2\Release\libmt.pdb'; linking object as if no debug info
libcurl.lib(o_time.obj) : warning LNK4099: PDB 'libmt.pdb' was not found with 'libcurl.lib(o_time.obj)' or at 'C:\Users\white\GitHub\SAMP_AC_v2\Release\libmt.pdb'; linking object as if no debug info
libcurl.lib(uid.obj) : warning LNK4099: PDB 'libmt.pdb' was not found with 'libcurl.lib(uid.obj)' or at 'C:\Users\white\GitHub\SAMP_AC_v2\Release\libmt.pdb'; linking object as if no debug info
libcurl.lib(cpt_err.obj) : warning LNK4099: PDB 'libmt.pdb' was not found with 'libcurl.lib(cpt_err.obj)' or at 'C:\Users\white\GitHub\SAMP_AC_v2\Release\libmt.pdb'; linking object as if no debug info
libcurl.lib(ex_data.obj) : warning LNK4099: PDB 'libmt.pdb' was not found with 'libcurl.lib(ex_data.obj)' or at 'C:\Users\white\GitHub\SAMP_AC_v2\Release\libmt.pdb'; linking object as if no debug info
libcurl.lib(cversion.obj) : warning LNK4099: PDB 'libmt.pdb' was not found with 'libcurl.lib(cversion.obj)' or at 'C:\Users\white\GitHub\SAMP_AC_v2\Release\libmt.pdb'; linking object as if no debug info
libcurl.lib(mem_dbg.obj) : warning LNK4099: PDB 'libmt.pdb' was not found with 'libcurl.lib(mem_dbg.obj)' or at 'C:\Users\white\GitHub\SAMP_AC_v2\Release\libmt.pdb'; linking object as if no debug info
libcurl.lib(mem.obj) : warning LNK4099: PDB 'libmt.pdb' was not found with 'libcurl.lib(mem.obj)' or at 'C:\Users\white\GitHub\SAMP_AC_v2\Release\libmt.pdb'; linking object as if no debug info
libcurl.lib(cryptlib.obj) : warning LNK4099: PDB 'libmt.pdb' was not found with 'libcurl.lib(cryptlib.obj)' or at 'C:\Users\white\GitHub\SAMP_AC_v2\Release\libmt.pdb'; linking object as if no debug info
  acv2.vcxproj -> C:\Users\white\GitHub\SAMP_AC_v2\Release\ACv2_Client.asi
